[2025-11-09 15:02:59] [ERROR] 
‚ùå Error running Manim on C:/ArkMalay/Framework/Video_data/20251109_150245_2c949ee1/script_sequences/script_seq1/script_seq1.py
‚îÄ‚îÄ‚îÄ‚îÄ‚îÄ‚îÄ‚îÄ‚îÄ‚îÄ‚îÄ‚îÄ‚îÄ‚îÄ‚îÄ‚îÄ‚îÄ‚îÄ‚îÄ‚îÄ‚îÄ‚îÄ‚îÄ‚îÄ‚îÄ‚îÄ‚îÄ‚îÄ‚îÄ‚îÄ‚îÄ‚îÄ‚îÄ‚îÄ‚îÄ‚îÄ‚îÄ‚îÄ‚îÄ‚îÄ‚îÄ‚îÄ‚îÄ‚îÄ‚îÄ‚îÄ‚îÄ
STDERR:
Animation 0: FadeIn(Text('Calculating the Area of a Square')):   0%|          | 0/15 [00:00<?, ?it/s]
Animation 0: FadeIn(Text('Calculating the Area of a Square')):  20%|##        | 3/15 [00:00<00:00, 28.33it/s]
Animation 0: FadeIn(Text('Calculating the Area of a Square')):  47%|####6     | 7/15 [00:00<00:00, 33.78it/s]
Animation 0: FadeIn(Text('Calculating the Area of a Square')):  80%|########  | 12/15 [00:00<00:00, 38.53it/s]
                                                                                                              

Animation 2: Create(Square):   0%|          | 0/15 [00:00<?, ?it/s]
                                                                   
latex: major issue: So far, you have not checked for MiKTeX updates.

Animation 4: Create(Arrow), etc.:   0%|          | 0/15 [00:00<?, ?it/s]
Animation 4: Create(Arrow), etc.:  87%|########6 | 13/15 [00:00<00:00, 121.97it/s]
                                                                                  
+--------------------- Traceback (most recent call last) ---------------------+
| C:\ArkMalay\Framework\tutor\.venv\Lib\site-packages\manim\cli\render\comman |
| ds.py:125 in render                                                         |
|                                                                             |
|   122             try:                                                      |
|   123                 with tempconfig({}):                                  |
|   124                     scene = SceneClass()                              |
| > 125                     scene.render()                                    |
|   126             except Exception:                                         |
|   127                 error_console.print_exception()                       |
|   128                 sys.exit(1)                                           |
|                                                                             |
| C:\ArkMalay\Framework\tutor\.venv\Lib\site-packages\manim\scene\scene.py:23 |
| 7 in render                                                                 |
|                                                                             |
|    234         """                                                          |
|    235         self.setup()                                                 |
|    236         try:                                                         |
| >  237             self.construct()                                         |
|    238         except EndSceneEarlyException:                               |
|    239             pass                                                     |
|    240         except RerunSceneException:                                  |
|                                                                             |
| C:\ArkMalay\Framework\Video_data\20251109_150245_2c949ee1\script_sequences\ |
| script_seq1\script_seq1.py:26 in construct                                  |
|                                                                             |
|   23         self.wait(1)                                                   |
|   24                                                                        |
|   25         # Zoom out slightly to show the entire setup                   |
| > 26         self.play(self.camera.frame.animate.scale(1.2).move_to(title.g |
|   27         self.wait(2)                                                   |
|   28                                                                        |
+-----------------------------------------------------------------------------+
AttributeError: 'Camera' object has no attribute 'frame'

STDOUT:
Manim Community v0.19.0

[11/09/25 15:02:54] INFO     Animation 0 : Partial     scene_file_writer.py:588
                             movie file written in                             
                             'C:\ArkMalay\Framework\tu                         
                             tor\src\media\videos\scri                         
                             pt_sequences\script_seq1\                         
                             videos\script_seq1\480p15                         
                             \partial_movie_files\Squa                         
                             reAreaAnimation\931832650                         
                             _1049787646_223132457.mp4                         
                             '                                                 
[11/09/25 15:02:55] INFO     Animation 1 : Partial     scene_file_writer.py:588
                             movie file written in                             
                             'C:\ArkMalay\Framework\tu                         
                             tor\src\media\videos\scri                         
                             pt_sequences\script_seq1\                         
                             videos\script_seq1\480p15                         
                             \partial_movie_files\Squa                         
                             reAreaAnimation\190528851                         
                             6_1436906429_122578120.mp                         
                             4'                                                
                    INFO     Animation 2 : Partial     scene_file_writer.py:588
                             movie file written in                             
                             'C:\ArkMalay\Framework\tu                         
                             tor\src\media\videos\scri                         
                             pt_sequences\script_seq1\                         
                             videos\script_seq1\480p15                         
                             \partial_movie_files\Squa                         
                             reAreaAnimation\190528851                         
                             6_1838711559_193352745.mp                         
                             4'                                                
                    INFO     Animation 3 : Partial     scene_file_writer.py:588
                             movie file written in                             
                             'C:\ArkMalay\Framework\tu                         
                             tor\src\media\videos\scri                         
                             pt_sequences\script_seq1\                         
                             videos\script_seq1\480p15                         
                             \partial_movie_files\Squa                         
                             reAreaAnimation\190528851                         
                             6_1436906429_907452555.mp                         
                             4'                                                
                    INFO     Writing s to               tex_file_writing.py:111
                             C:\ArkMalay\Framework\tuto                        
                             r\src\media\videos\script_                        
                             sequences\script_seq1\Tex\                        
                             283c135ce7902351.tex                              
[11/09/25 15:02:58] INFO     Animation 4 : Partial     scene_file_writer.py:588
                             movie file written in                             
                             'C:\ArkMalay\Framework\tu                         
                             tor\src\media\videos\scri                         
                             pt_sequences\script_seq1\                         
                             videos\script_seq1\480p15                         
                             \partial_movie_files\Squa                         
                             reAreaAnimation\190528851                         
                             6_1540477914_1222478152.m                         
                             p4'                                               
                    INFO     Animation 5 : Partial     scene_file_writer.py:588
                             movie file written in                             
                             'C:\ArkMalay\Framework\tu                         
                             tor\src\media\videos\scri                         
                             pt_sequences\script_seq1\                         
                             videos\script_seq1\480p15                         
                             \partial_movie_files\Squa                         
                             reAreaAnimation\190528851                         
                             6_1436906429_215822548.mp                         
                             4'
‚îÄ‚îÄ‚îÄ‚îÄ‚îÄ‚îÄ‚îÄ‚îÄ‚îÄ‚îÄ‚îÄ‚îÄ‚îÄ‚îÄ‚îÄ‚îÄ‚îÄ‚îÄ‚îÄ‚îÄ‚îÄ‚îÄ‚îÄ‚îÄ‚îÄ‚îÄ‚îÄ‚îÄ‚îÄ‚îÄ‚îÄ‚îÄ‚îÄ‚îÄ‚îÄ‚îÄ‚îÄ‚îÄ‚îÄ‚îÄ‚îÄ‚îÄ‚îÄ‚îÄ‚îÄ‚îÄ

[2025-11-09 15:03:45] [ERROR] 
‚ùå Error running Manim on C:/ArkMalay/Framework/Video_data/20251109_150245_2c949ee1/script_sequences/script_seq4/script_seq4.py
‚îÄ‚îÄ‚îÄ‚îÄ‚îÄ‚îÄ‚îÄ‚îÄ‚îÄ‚îÄ‚îÄ‚îÄ‚îÄ‚îÄ‚îÄ‚îÄ‚îÄ‚îÄ‚îÄ‚îÄ‚îÄ‚îÄ‚îÄ‚îÄ‚îÄ‚îÄ‚îÄ‚îÄ‚îÄ‚îÄ‚îÄ‚îÄ‚îÄ‚îÄ‚îÄ‚îÄ‚îÄ‚îÄ‚îÄ‚îÄ‚îÄ‚îÄ‚îÄ‚îÄ‚îÄ‚îÄ
STDERR:
latex: major issue: So far, you have not checked for MiKTeX updates.
latex: major issue: So far, you have not checked for MiKTeX updates.

Animation 0: FadeIn(Group):   0%|          | 0/15 [00:00<?, ?it/s]
Animation 0: FadeIn(Group): 100%|##########| 15/15 [00:00<00:00, 140.81it/s]
                                                                            
+--------------------- Traceback (most recent call last) ---------------------+
| C:\ArkMalay\Framework\tutor\.venv\Lib\site-packages\manim\cli\render\comman |
| ds.py:125 in render                                                         |
|                                                                             |
|   122             try:                                                      |
|   123                 with tempconfig({}):                                  |
|   124                     scene = SceneClass()                              |
| > 125                     scene.render()                                    |
|   126             except Exception:                                         |
|   127                 error_console.print_exception()                       |
|   128                 sys.exit(1)                                           |
|                                                                             |
| C:\ArkMalay\Framework\tutor\.venv\Lib\site-packages\manim\scene\scene.py:23 |
| 7 in render                                                                 |
|                                                                             |
|    234         """                                                          |
|    235         self.setup()                                                 |
|    236         try:                                                         |
| >  237             self.construct()                                         |
|    238         except EndSceneEarlyException:                               |
|    239             pass                                                     |
|    240         except RerunSceneException:                                  |
|                                                                             |
| C:\ArkMalay\Framework\Video_data\20251109_150245_2c949ee1\script_sequences\ |
| script_seq4\script_seq4.py:14 in construct                                  |
|                                                                             |
|   11         self.wait(1)                                                   |
|   12                                                                        |
|   13         # Zoom out to show the square, formula, and final answer toget |
| > 14         self.play(CameraFrame.scale, 1.5, run_time=2)                  |
|   15         self.wait(1)                                                   |
|   16                                                                        |
|   17         # Fade in a summary box with the key points                    |
+-----------------------------------------------------------------------------+
NameError: name 'CameraFrame' is not defined

STDOUT:
Manim Community v0.19.0

[11/09/25 15:03:43] INFO     Writing ext{Area} = s^2 to tex_file_writing.py:111
                             C:\ArkMalay\Framework\tuto                        
                             r\src\media\videos\script_                        
                             sequences\script_seq4\Tex\                        
                             156a6cb4a19532ed.tex                              
[11/09/25 15:03:44] INFO     Writing ext{Area} = 25     tex_file_writing.py:111
                             ext{ square units} to                             
                             C:\ArkMalay\Framework\tuto                        
                             r\src\media\videos\script_                        
                             sequences\script_seq4\Tex\                        
                             2e8fe07c4659ee97.tex                              
[11/09/25 15:03:45] INFO     Animation 0 : Partial     scene_file_writer.py:588
                             movie file written in                             
                             'C:\ArkMalay\Framework\tu                         
                             tor\src\media\videos\scri                         
                             pt_sequences\script_seq4\                         
                             videos\script_seq4\480p15                         
                             \partial_movie_files\Squa                         
                             reAreaRecap\1185818338_29                         
                             19514972_223132457.mp4'                           
                    INFO     Animation 1 : Partial     scene_file_writer.py:588
                             movie file written in                             
                             'C:\ArkMalay\Framework\tu                         
                             tor\src\media\videos\scri                         
                             pt_sequences\script_seq4\                         
                             videos\script_seq4\480p15                         
                             \partial_movie_files\Squa                         
                             reAreaRecap\624642324_421                         
                             7992463_3925176909.mp4'
‚îÄ‚îÄ‚îÄ‚îÄ‚îÄ‚îÄ‚îÄ‚îÄ‚îÄ‚îÄ‚îÄ‚îÄ‚îÄ‚îÄ‚îÄ‚îÄ‚îÄ‚îÄ‚îÄ‚îÄ‚îÄ‚îÄ‚îÄ‚îÄ‚îÄ‚îÄ‚îÄ‚îÄ‚îÄ‚îÄ‚îÄ‚îÄ‚îÄ‚îÄ‚îÄ‚îÄ‚îÄ‚îÄ‚îÄ‚îÄ‚îÄ‚îÄ‚îÄ‚îÄ‚îÄ‚îÄ

[2025-11-09 15:03:45] [ERROR] ‚ùå Video and audio lists must have the same length
[2025-11-09 15:03:45] [ERROR] üí• merge_all_videos_with_audio failed.
Traceback (most recent call last):
  File "C:\ArkMalay\Framework\tutor\src\merger_factory.py", line 247, in merge_all_videos_with_audio
    raise ValueError("Video and audio lists must have the same length")
ValueError: Video and audio lists must have the same length
[2025-11-09 15:03:45] [ERROR] ‚ö†Ô∏è Final video merge failed ‚Äî proceeding with Drive upload anyway.
Traceback (most recent call last):
  File "C:\ArkMalay\Framework\tutor\src\main.py", line 58, in process_pipeline
    final_video_bytes = MergerFactory.merge_all_videos_with_audio(video_bytes_list, audio_bytes_list)
                        ^^^^^^^^^^^^^^^^^^^^^^^^^^^^^^^^^^^^^^^^^^^^^^^^^^^^^^^^^^^^^^^^^^^^^^^^^^^^^
  File "C:\ArkMalay\Framework\tutor\src\merger_factory.py", line 247, in merge_all_videos_with_audio
    raise ValueError("Video and audio lists must have the same length")
ValueError: Video and audio lists must have the same length
[2025-11-09 15:03:45] [ERROR] ‚ö†Ô∏è Final video merge failed ‚Äî proceeding with Drive upload anyway.
[2025-11-09 15:03:45] [ERROR] ‚ùå Failed to upload folder to Google Drive.
Traceback (most recent call last):
  File "C:\ArkMalay\Framework\tutor\src\main.py", line 81, in process_pipeline
    folder_path = Path(Settings.TRANSACTION_FOLDER)
                  ^^^^^^^^^^^^^^^^^^^^^^^^^^^^^^^^^
  File "C:\Users\malay\AppData\Local\Programs\Python\Python312\Lib\pathlib.py", line 1163, in __init__
    super().__init__(*args)
  File "C:\Users\malay\AppData\Local\Programs\Python\Python312\Lib\pathlib.py", line 373, in __init__
    raise TypeError(
TypeError: argument should be a str or an os.PathLike object where __fspath__ returns a str, not 'NoneType'
