[2025-11-07 12:45:23] [ERROR] 
❌ Error running Manim on C:/Vivek_Main/Manim_project/inputbox/input_data_20251107_121502/script_seq1/script_seq1.py
──────────────────────────────────────────────
STDERR:
Animation 0: FadeIn(Text('Labels at Square Corners: Class 10 English')):   0%|          | 0/15 [00:00<?, ?it/s]
Animation 0: FadeIn(Text('Labels at Square Corners: Class 10 English')):  13%|#3        | 2/15 [00:00<00:00, 19.27it/s]
Animation 0: FadeIn(Text('Labels at Square Corners: Class 10 English')):  33%|###3      | 5/15 [00:00<00:00, 22.44it/s]
Animation 0: FadeIn(Text('Labels at Square Corners: Class 10 English')):  53%|#####3    | 8/15 [00:00<00:00, 18.88it/s]
Animation 0: FadeIn(Text('Labels at Square Corners: Class 10 English')):  67%|######6   | 10/15 [00:00<00:00, 17.88it/s]
Animation 0: FadeIn(Text('Labels at Square Corners: Class 10 English')):  80%|########  | 12/15 [00:00<00:00, 15.65it/s]
Animation 0: FadeIn(Text('Labels at Square Corners: Class 10 English')):  93%|#########3| 14/15 [00:00<00:00, 16.71it/s]
                                                                                                                        
+--------------------- Traceback (most recent call last) ---------------------+
| C:\Vivek_Main\tutter\.venv\Lib\site-packages\manim\cli\render\commands.py:1 |
| 25 in render                                                                |
|                                                                             |
|   122             try:                                                      |
|   123                 with tempconfig({}):                                  |
|   124                     scene = SceneClass()                              |
| > 125                     scene.render()                                    |
|   126             except Exception:                                         |
|   127                 error_console.print_exception()                       |
|   128                 sys.exit(1)                                           |
|                                                                             |
| C:\Vivek_Main\tutter\.venv\Lib\site-packages\manim\scene\scene.py:237 in    |
| render                                                                      |
|                                                                             |
|    234         """                                                          |
|    235         self.setup()                                                 |
|    236         try:                                                         |
| >  237             self.construct()                                         |
|    238         except EndSceneEarlyException:                               |
|    239             pass                                                     |
|    240         except RerunSceneException:                                  |
|                                                                             |
| C:\Vivek_Main\Manim_project\inputbox\input_data_20251107_121502\script_seq1 |
| \script_seq1.py:15 in construct                                             |
|                                                                             |
|   12         self.wait(1)                                                   |
|   13                                                                        |
|   14         # Zoom out slightly to reveal the square                       |
| > 15         self.play(self.camera.frame.animate.scale(1.2).move_to(title)) |
|   16                                                                        |
|   17         # Create a simple square                                       |
|   18         square = Square(side_length=4, color=BLACK, stroke_width=2)    |
+-----------------------------------------------------------------------------+
AttributeError: 'Camera' object has no attribute 'frame'

STDOUT:
Manim Community v0.19.0

[11/07/25 12:45:21] INFO     Animation 0 : Partial     scene_file_writer.py:588
                             movie file written in                             
                             'C:\Vivek_Main\tutter\src                         
                             \media\videos\input_data_                         
                             20251107_121502\script_se                         
                             q1\videos\script_seq1\480                         
                             p15\partial_movie_files\S                         
                             quareCornerLabels\9318326                         
                             50_3107961746_223132457.m                         
                             p4'                                               
[11/07/25 12:45:22] INFO     Animation 1 : Partial     scene_file_writer.py:588
                             movie file written in                             
                             'C:\Vivek_Main\tutter\src                         
                             \media\videos\input_data_                         
                             20251107_121502\script_se                         
                             q1\videos\script_seq1\480                         
                             p15\partial_movie_files\S                         
                             quareCornerLabels\1905288                         
                             516_1436906429_1997571994                         
                             .mp4'
──────────────────────────────────────────────

[2025-11-07 12:45:50] [ERROR] 
❌ Error running Manim on C:/Vivek_Main/Manim_project/inputbox/input_data_20251107_121502/script_seq2/script_seq2.py
──────────────────────────────────────────────
STDERR:
Animation 0: Transform(MathTex('A')):   0%|          | 0/15 [00:00<?, ?it/s]
Animation 0: Transform(MathTex('A')):  80%|########  | 12/15 [00:00<00:00, 114.64it/s]
                                                                                      
+--------------------- Traceback (most recent call last) ---------------------+
| C:\Vivek_Main\tutter\.venv\Lib\site-packages\manim\cli\render\commands.py:1 |
| 25 in render                                                                |
|                                                                             |
|   122             try:                                                      |
|   123                 with tempconfig({}):                                  |
|   124                     scene = SceneClass()                              |
| > 125                     scene.render()                                    |
|   126             except Exception:                                         |
|   127                 error_console.print_exception()                       |
|   128                 sys.exit(1)                                           |
|                                                                             |
| C:\Vivek_Main\tutter\.venv\Lib\site-packages\manim\scene\scene.py:237 in    |
| render                                                                      |
|                                                                             |
|    234         """                                                          |
|    235         self.setup()                                                 |
|    236         try:                                                         |
| >  237             self.construct()                                         |
|    238         except EndSceneEarlyException:                               |
|    239             pass                                                     |
|    240         except RerunSceneException:                                  |
|                                                                             |
| C:\Vivek_Main\Manim_project\inputbox\input_data_20251107_121502\script_seq2 |
| \script_seq2.py:26 in construct                                             |
|                                                                             |
|   23             self.wait(1)                                               |
|   24                                                                        |
|   25             # Animate a dashed line connecting the label to its corner |
| > 26             corner = square.get_corner(UP + LEFT).rotate(i * 90 * DEGR |
|   27             line = DashedLine(label.get_center(), corner, color=colors |
|   28             self.play(Create(line))                                    |
|   29             self.wait(1)                                               |
+-----------------------------------------------------------------------------+
AttributeError: 'numpy.ndarray' object has no attribute 'rotate'

STDOUT:
Manim Community v0.19.0

[11/07/25 12:45:37] INFO     Writing A to               tex_file_writing.py:111
                             C:\Vivek_Main\tutter\src\m                        
                             edia\videos\input_data_202                        
                             51107_121502\script_seq2\T                        
                             ex\90f07b07e57adf79.tex                           
[11/07/25 12:45:41] INFO     Writing B to               tex_file_writing.py:111
                             C:\Vivek_Main\tutter\src\m                        
                             edia\videos\input_data_202                        
                             51107_121502\script_seq2\T                        
                             ex\d82288bb87e99d59.tex                           
[11/07/25 12:45:44] INFO     Writing C to               tex_file_writing.py:111
                             C:\Vivek_Main\tutter\src\m                        
                             edia\videos\input_data_202                        
                             51107_121502\script_seq2\T                        
                             ex\86474863bfdee3e7.tex                           
[11/07/25 12:45:46] INFO     Writing D to               tex_file_writing.py:111
                             C:\Vivek_Main\tutter\src\m                        
                             edia\videos\input_data_202                        
                             51107_121502\script_seq2\T                        
                             ex\265843fdb06dea70.tex                           
[11/07/25 12:45:49] INFO     Animation 0 : Partial     scene_file_writer.py:588
                             movie file written in                             
                             'C:\Vivek_Main\tutter\src                         
                             \media\videos\input_data_                         
                             20251107_121502\script_se                         
                             q2\videos\script_seq2\480                         
                             p15\partial_movie_files\S                         
                             quareLabelAnimation\11858                         
                             18338_1373816625_33578173                         
                             06.mp4'                                           
                    INFO     Animation 1 : Partial     scene_file_writer.py:588
                             movie file written in                             
                             'C:\Vivek_Main\tutter\src                         
                             \media\videos\input_data_                         
                             20251107_121502\script_se                         
                             q2\videos\script_seq2\480                         
                             p15\partial_movie_files\S                         
                             quareLabelAnimation\62464                         
                             2324_4217992463_203619602                         
                             8.mp4'
──────────────────────────────────────────────

[2025-11-07 12:46:15] [ERROR] 
❌ Error running Manim on C:/Vivek_Main/Manim_project/inputbox/input_data_20251107_121502/script_seq3/script_seq3.py
──────────────────────────────────────────────
STDERR:
Animation 0: FadeIn(Text('Example Text Inside the Square')):   0%|          | 0/15 [00:00<?, ?it/s]
Animation 0: FadeIn(Text('Example Text Inside the Square')):  33%|###3      | 5/15 [00:00<00:00, 46.55it/s]
Animation 0: FadeIn(Text('Example Text Inside the Square')):  67%|######6   | 10/15 [00:00<00:00, 40.16it/s]
Animation 0: FadeIn(Text('Example Text Inside the Square')): 100%|##########| 15/15 [00:00<00:00, 43.77it/s]
                                                                                                            

Animation 1: MoveAlongPath(MathTex('A')), etc.:   0%|          | 0/15 [00:00<?, ?it/s]
Animation 1: MoveAlongPath(MathTex('A')), etc.:  40%|####      | 6/15 [00:00<00:00, 51.81it/s]
Animation 1: MoveAlongPath(MathTex('A')), etc.:  93%|#########3| 14/15 [00:00<00:00, 65.66it/s]
                                                                                               
+--------------------- Traceback (most recent call last) ---------------------+
| C:\Vivek_Main\tutter\.venv\Lib\site-packages\manim\cli\render\commands.py:1 |
| 25 in render                                                                |
|                                                                             |
|   122             try:                                                      |
|   123                 with tempconfig({}):                                  |
|   124                     scene = SceneClass()                              |
| > 125                     scene.render()                                    |
|   126             except Exception:                                         |
|   127                 error_console.print_exception()                       |
|   128                 sys.exit(1)                                           |
|                                                                             |
| C:\Vivek_Main\tutter\.venv\Lib\site-packages\manim\scene\scene.py:237 in    |
| render                                                                      |
|                                                                             |
|    234         """                                                          |
|    235         self.setup()                                                 |
|    236         try:                                                         |
| >  237             self.construct()                                         |
|    238         except EndSceneEarlyException:                               |
|    239             pass                                                     |
|    240         except RerunSceneException:                                  |
|                                                                             |
| C:\Vivek_Main\Manim_project\inputbox\input_data_20251107_121502\script_seq3 |
| \script_seq3.py:30 in construct                                             |
|                                                                             |
|   27         # Highlight one label and its corresponding corner with a glow |
|   28         highlight_label = adjusted_labels[0]                           |
|   29         highlight_corner = Dot(square.get_corner(UP + LEFT), color=YEL |
| > 30         glow = GlowEffect(color=YELLOW)                                |
|   31         highlight_label.add(glow)                                      |
|   32         self.play(FadeIn(highlight_corner), highlight_label.animate.se |
|   33                                                                        |
+-----------------------------------------------------------------------------+
NameError: name 'GlowEffect' is not defined

STDOUT:
Manim Community v0.19.0

[11/07/25 12:46:03] INFO     Writing A to               tex_file_writing.py:111
                             C:\Vivek_Main\tutter\src\m                        
                             edia\videos\input_data_202                        
                             51107_121502\script_seq3\T                        
                             ex\90f07b07e57adf79.tex                           
[11/07/25 12:46:05] INFO     Writing B to               tex_file_writing.py:111
                             C:\Vivek_Main\tutter\src\m                        
                             edia\videos\input_data_202                        
                             51107_121502\script_seq3\T                        
                             ex\d82288bb87e99d59.tex                           
[11/07/25 12:46:08] INFO     Writing C to               tex_file_writing.py:111
                             C:\Vivek_Main\tutter\src\m                        
                             edia\videos\input_data_202                        
                             51107_121502\script_seq3\T                        
                             ex\86474863bfdee3e7.tex                           
[11/07/25 12:46:10] INFO     Writing D to               tex_file_writing.py:111
                             C:\Vivek_Main\tutter\src\m                        
                             edia\videos\input_data_202                        
                             51107_121502\script_seq3\T                        
                             ex\265843fdb06dea70.tex                           
[11/07/25 12:46:14] INFO     Animation 0 : Partial     scene_file_writer.py:588
                             movie file written in                             
                             'C:\Vivek_Main\tutter\src                         
                             \media\videos\input_data_                         
                             20251107_121502\script_se                         
                             q3\videos\script_seq3\480                         
                             p15\partial_movie_files\S                         
                             quareLabelAnimation\11858                         
                             18338_238972573_402171342                         
                             .mp4'                                             
[11/07/25 12:46:15] INFO     Animation 1 : Partial     scene_file_writer.py:588
                             movie file written in                             
                             'C:\Vivek_Main\tutter\src                         
                             \media\videos\input_data_                         
                             20251107_121502\script_se                         
                             q3\videos\script_seq3\480                         
                             p15\partial_movie_files\S                         
                             quareLabelAnimation\62464                         
                             2324_1112757959_157030002                         
                             1.mp4'
──────────────────────────────────────────────

[2025-11-07 12:46:25] [ERROR] 
❌ Error running Manim on C:/Vivek_Main/Manim_project/inputbox/input_data_20251107_121502/script_seq4/script_seq4.py
──────────────────────────────────────────────
STDERR:
Traceback (most recent call last):
  File "<frozen runpy>", line 198, in _run_module_as_main
  File "<frozen runpy>", line 88, in _run_code
  File "C:\Vivek_Main\tutter\.venv\Scripts\manim.exe\__main__.py", line 7, in <module>
  File "C:\Vivek_Main\tutter\.venv\Lib\site-packages\click\core.py", line 1161, in __call__
    return self.main(*args, **kwargs)
           ^^^^^^^^^^^^^^^^^^^^^^^^^^
  File "C:\Vivek_Main\tutter\.venv\Lib\site-packages\click\core.py", line 1082, in main
    rv = self.invoke(ctx)
         ^^^^^^^^^^^^^^^^
  File "C:\Vivek_Main\tutter\.venv\Lib\site-packages\click\core.py", line 1697, in invoke
    return _process_result(sub_ctx.command.invoke(sub_ctx))
                           ^^^^^^^^^^^^^^^^^^^^^^^^^^^^^^^
  File "C:\Vivek_Main\tutter\.venv\Lib\site-packages\click\core.py", line 1443, in invoke
    return ctx.invoke(self.callback, **ctx.params)
           ^^^^^^^^^^^^^^^^^^^^^^^^^^^^^^^^^^^^^^^
  File "C:\Vivek_Main\tutter\.venv\Lib\site-packages\click\core.py", line 788, in invoke
    return __callback(*args, **kwargs)
           ^^^^^^^^^^^^^^^^^^^^^^^^^^^
  File "C:\Vivek_Main\tutter\.venv\Lib\site-packages\manim\cli\render\commands.py", line 121, in render
    for SceneClass in scene_classes_from_file(file):
                      ^^^^^^^^^^^^^^^^^^^^^^^^^^^^^
  File "C:\Vivek_Main\tutter\.venv\Lib\site-packages\manim\utils\module_ops.py", line 167, in scene_classes_from_file
    module = get_module(file_path)
             ^^^^^^^^^^^^^^^^^^^^^
  File "C:\Vivek_Main\tutter\.venv\Lib\site-packages\manim\utils\module_ops.py", line 67, in get_module
    spec.loader.exec_module(module)
  File "<frozen importlib._bootstrap_external>", line 936, in exec_module
  File "<frozen importlib._bootstrap_external>", line 1074, in get_code
  File "<frozen importlib._bootstrap_external>", line 1004, in source_to_code
  File "<frozen importlib._bootstrap>", line 241, in _call_with_frames_removed
  File "C:\Vivek_Main\Manim_project\inputbox\input_data_20251107_121502\script_seq4\script_seq4.py", line 31
    thank_you = Text("Thank you for watching, and keep practicing!
                     ^
SyntaxError: unterminated string literal (detected at line 31)

STDOUT:
Manim Community v0.19.0
──────────────────────────────────────────────

[2025-11-07 12:46:51] [ERROR] ❌ Video generation error
Traceback (most recent call last):
  File "C:\Vivek_Main\tutter\src\video_pipeline\routes\video_routes.py", line 30, in generate_videos_endpoint
    output_path = await process_pipeline(
                  ^^^^^^^^^^^^^^^^^^^^^^^
  File "C:\Vivek_Main\tutter\src\main.py", line 57, in process_pipeline
    run_script_data_process()
  File "C:\Vivek_Main\tutter\src\Artifacts\artifacts.py", line 137, in run_script_data_process
    data = handler.load_files()
           ^^^^^^^^^^^^^^^^^^^^
  File "C:\Vivek_Main\tutter\src\Artifacts\artifacts.py", line 48, in load_files
    with open(json_file, "r", encoding="utf-8") as f:
         ^^^^^^^^^^^^^^^^^^^^^^^^^^^^^^^^^^^^^^
FileNotFoundError: [Errno 2] No such file or directory: 'C:\\Vivek_Main\\Temp_Data\\611d04bf-6cb4-4c85-b174-1fcd2c615b13\\input_data.json'
[2025-11-07 12:46:51] [ERROR] ❌ HTTP 500: {"detail":"[Errno 2] No such file or directory: 'C:\\\\Vivek_Main\\\\Temp_Data\\\\611d04bf-6cb4-4c85-b174-1fcd2c615b13\\\\input_data.json'"}
[2025-11-07 12:46:51] [ERROR] ❌ Error writing scripts
Traceback (most recent call last):
  File "C:\Vivek_Main\tutter\src\video_pipeline\routes\write_routes.py", line 27, in write_scripts
    video_result = await async_post(video_url, {"path": str(folder)}, timeout=300)
                   ^^^^^^^^^^^^^^^^^^^^^^^^^^^^^^^^^^^^^^^^^^^^^^^^^^^^^^^^^^^^^^^
  File "C:\Vivek_Main\tutter\src\video_pipeline\utils.py", line 15, in async_post
    raise HTTPException(status_code=resp.status_code, detail=resp.text)
fastapi.exceptions.HTTPException: 500: {"detail":"[Errno 2] No such file or directory: 'C:\\\\Vivek_Main\\\\Temp_Data\\\\611d04bf-6cb4-4c85-b174-1fcd2c615b13\\\\input_data.json'"}
[2025-11-07 12:46:51] [ERROR] ❌ HTTP 500: {"detail":"500: {\"detail\":\"[Errno 2] No such file or directory: 'C:\\\\\\\\Vivek_Main\\\\\\\\Temp_Data\\\\\\\\611d04bf-6cb4-4c85-b174-1fcd2c615b13\\\\\\\\input_data.json'\"}"}
[2025-11-07 12:46:52] [ERROR] ❌ Error generating code
Traceback (most recent call last):
  File "C:\Vivek_Main\tutter\src\video_pipeline\routes\generator_routes.py", line 20, in generate_code_endpoint
    write_result = await async_post(write_url, result, timeout=120)
                   ^^^^^^^^^^^^^^^^^^^^^^^^^^^^^^^^^^^^^^^^^^^^^^^^
  File "C:\Vivek_Main\tutter\src\video_pipeline\utils.py", line 15, in async_post
    raise HTTPException(status_code=resp.status_code, detail=resp.text)
fastapi.exceptions.HTTPException: 500: {"detail":"500: {\"detail\":\"[Errno 2] No such file or directory: 'C:\\\\\\\\Vivek_Main\\\\\\\\Temp_Data\\\\\\\\611d04bf-6cb4-4c85-b174-1fcd2c615b13\\\\\\\\input_data.json'\"}"}
[2025-11-07 12:46:52] [ERROR] ❌ HTTP 500: {"detail":"500: {\"detail\":\"500: {\\\"detail\\\":\\\"[Errno 2] No such file or directory: 'C:\\\\\\\\\\\\\\\\Vivek_Main\\\\\\\\\\\\\\\\Temp_Data\\\\\\\\\\\\\\\\611d04bf-6cb4-4c85-b174-1fcd2c615b13\\\\\\\\\\\\\\\\input_data.json'\\\"}\"}"}
