[2025-11-07 11:45:33] [ERROR] ‚ùå Unexpected error in /search endpoint
Traceback (most recent call last):
  File "C:\Vivek_Main\tutter\.venv\Lib\site-packages\cohere\v2\raw_client.py", line 705, in chat
    _response_json = _response.json()
                     ^^^^^^^^^^^^^^^^
  File "C:\Vivek_Main\tutter\.venv\Lib\site-packages\httpx\_models.py", line 832, in json
    return jsonlib.loads(self.content, **kwargs)
           ^^^^^^^^^^^^^^^^^^^^^^^^^^^^^^^^^^^^^
  File "C:\Users\vivek_vslen2j\AppData\Local\Programs\Python\Python311\Lib\json\__init__.py", line 346, in loads
    return _default_decoder.decode(s)
           ^^^^^^^^^^^^^^^^^^^^^^^^^^
  File "C:\Users\vivek_vslen2j\AppData\Local\Programs\Python\Python311\Lib\json\decoder.py", line 337, in decode
    obj, end = self.raw_decode(s, idx=_w(s, 0).end())
               ^^^^^^^^^^^^^^^^^^^^^^^^^^^^^^^^^^^^^^
  File "C:\Users\vivek_vslen2j\AppData\Local\Programs\Python\Python311\Lib\json\decoder.py", line 355, in raw_decode
    raise JSONDecodeError("Expecting value", s, err.value) from None
json.decoder.JSONDecodeError: Expecting value: line 2 column 1 (char 1)

During handling of the above exception, another exception occurred:

Traceback (most recent call last):
  File "C:\Vivek_Main\tutter\src\video_pipeline\routes\search_routes.py", line 44, in search
    raw_script = generator.generate_script(full_prompt)
                 ^^^^^^^^^^^^^^^^^^^^^^^^^^^^^^^^^^^^^^
  File "C:\Vivek_Main\tutter\src\LLM_Processor\script_factory.py", line 62, in generate_script
    response = self.client.chat(
               ^^^^^^^^^^^^^^^^^
  File "C:\Vivek_Main\tutter\.venv\Lib\site-packages\cohere\client.py", line 103, in _wrapped
    return func(*args, **kwargs)
           ^^^^^^^^^^^^^^^^^^^^^
  File "C:\Vivek_Main\tutter\.venv\Lib\site-packages\cohere\client.py", line 35, in _wrapped
    return method(*args, **kwargs)
           ^^^^^^^^^^^^^^^^^^^^^^^
  File "C:\Vivek_Main\tutter\.venv\Lib\site-packages\cohere\v2\client.py", line 362, in chat
    _response = self._raw_client.chat(
                ^^^^^^^^^^^^^^^^^^^^^^
  File "C:\Vivek_Main\tutter\.venv\Lib\site-packages\cohere\v2\raw_client.py", line 707, in chat
    raise ApiError(status_code=_response.status_code, headers=dict(_response.headers), body=_response.text)
cohere.core.api_error.ApiError: headers: {'content-type': 'text/html; charset=UTF-8', 'referrer-policy': 'no-referrer', 'content-length': '332', 'date': 'Fri, 07 Nov 2025 06:15:31 GMT', 'alt-svc': 'h3=":443"; ma=2592000,h3-29=":443"; ma=2592000'}, status_code: 502, body: 
<html><head>
<meta http-equiv="content-type" content="text/html;charset=utf-8">
<title>502 Server Error</title>
</head>
<body text=#000000 bgcolor=#ffffff>
<h1>Error: Server Error</h1>
<h2>The server encountered a temporary error and could not complete your request.<p>Please try again in 30 seconds.</h2>
<h2></h2>
</body></html>

