[2025-11-12 16:40:27] [ERROR] 
❌ Error running Manim on C:/Vivek_Main/Manim_project/inputbox/75f4872b-cfb7-4473-b32d-4381f1b64060_20251112_164008/script_seq1/script_seq1.py
──────────────────────────────────────────────
STDERR:
Animation 0: FadeIn(Text('Labels at Square Corners: Class 10 English')):   0%|          | 0/15 [00:00<?, ?it/s]
Animation 0: FadeIn(Text('Labels at Square Corners: Class 10 English')):   7%|6         | 1/15 [00:00<00:01,  7.92it/s]
Animation 0: FadeIn(Text('Labels at Square Corners: Class 10 English')):  13%|#3        | 2/15 [00:00<00:01,  6.90it/s]
Animation 0: FadeIn(Text('Labels at Square Corners: Class 10 English')):  20%|##        | 3/15 [00:00<00:01,  7.67it/s]
Animation 0: FadeIn(Text('Labels at Square Corners: Class 10 English')):  27%|##6       | 4/15 [00:00<00:01,  8.21it/s]
Animation 0: FadeIn(Text('Labels at Square Corners: Class 10 English')):  47%|####6     | 7/15 [00:00<00:00, 14.56it/s]
Animation 0: FadeIn(Text('Labels at Square Corners: Class 10 English')):  67%|######6   | 10/15 [00:00<00:00, 16.06it/s]
Animation 0: FadeIn(Text('Labels at Square Corners: Class 10 English')):  80%|########  | 12/15 [00:00<00:00, 16.61it/s]
Animation 0: FadeIn(Text('Labels at Square Corners: Class 10 English')): 100%|##########| 15/15 [00:01<00:00, 19.33it/s]
                                                                                                                        
+--------------------- Traceback (most recent call last) ---------------------+
| C:\Vivek_Main\tutter\.venv\Lib\site-packages\manim\cli\render\commands.py:1 |
| 25 in render                                                                |
|                                                                             |
|   122             try:                                                      |
|   123                 with tempconfig({}):                                  |
|   124                     scene = SceneClass()                              |
| > 125                     scene.render()                                    |
|   126             except Exception:                                         |
|   127                 error_console.print_exception()                       |
|   128                 sys.exit(1)                                           |
|                                                                             |
| C:\Vivek_Main\tutter\.venv\Lib\site-packages\manim\scene\scene.py:237 in    |
| render                                                                      |
|                                                                             |
|    234         """                                                          |
|    235         self.setup()                                                 |
|    236         try:                                                         |
| >  237             self.construct()                                         |
|    238         except EndSceneEarlyException:                               |
|    239             pass                                                     |
|    240         except RerunSceneException:                                  |
|                                                                             |
| C:\Vivek_Main\Manim_project\inputbox\75f4872b-cfb7-4473-b32d-4381f1b64060_2 |
| 0251112_164008\script_seq1\script_seq1.py:17 in construct                   |
|                                                                             |
|   14         # Zoom out slightly to reveal a square below the title         |
|   15         square = Square(side_length=4, color=BLACK, stroke_width=2)    |
|   16         square.move_to(DOWN * 2)                                       |
| > 17         self.play(self.camera.frame.animate.scale(1.2).move_to(square) |
|   18         self.play(Create(square))                                      |
|   19         self.wait(1)                                                   |
|   20                                                                        |
+-----------------------------------------------------------------------------+
AttributeError: 'Camera' object has no attribute 'frame'

STDOUT:
Manim Community v0.19.0

[11/12/25 16:40:24] INFO     Animation 0 : Partial     scene_file_writer.py:588
                             movie file written in                             
                             'C:\Vivek_Main\tutter\src                         
                             \media\videos\75f4872b-cf                         
                             b7-4473-b32d-4381f1b64060                         
                             _20251112_164008\script_s                         
                             eq1\videos\script_seq1\48                         
                             0p15\partial_movie_files\                         
                             SquareCornerLabels\931832                         
                             650_3107961746_223132457.                         
                             mp4'                                              
[11/12/25 16:40:25] INFO     Animation 1 : Partial     scene_file_writer.py:588
                             movie file written in                             
                             'C:\Vivek_Main\tutter\src                         
                             \media\videos\75f4872b-cf                         
                             b7-4473-b32d-4381f1b64060                         
                             _20251112_164008\script_s                         
                             eq1\videos\script_seq1\48                         
                             0p15\partial_movie_files\                         
                             SquareCornerLabels\190528                         
                             8516_1436906429_199757199                         
                             4.mp4'
──────────────────────────────────────────────

[2025-11-12 16:41:05] [ERROR] 
❌ Error running Manim on C:/Vivek_Main/Manim_project/inputbox/75f4872b-cfb7-4473-b32d-4381f1b64060_20251112_164008/script_seq2/script_seq2.py
──────────────────────────────────────────────
STDERR:
+--------------------- Traceback (most recent call last) ---------------------+
| C:\Vivek_Main\tutter\.venv\Lib\site-packages\manim\cli\render\commands.py:1 |
| 25 in render                                                                |
|                                                                             |
|   122             try:                                                      |
|   123                 with tempconfig({}):                                  |
|   124                     scene = SceneClass()                              |
| > 125                     scene.render()                                    |
|   126             except Exception:                                         |
|   127                 error_console.print_exception()                       |
|   128                 sys.exit(1)                                           |
|                                                                             |
| C:\Vivek_Main\tutter\.venv\Lib\site-packages\manim\scene\scene.py:237 in    |
| render                                                                      |
|                                                                             |
|    234         """                                                          |
|    235         self.setup()                                                 |
|    236         try:                                                         |
| >  237             self.construct()                                         |
|    238         except EndSceneEarlyException:                               |
|    239             pass                                                     |
|    240         except RerunSceneException:                                  |
|                                                                             |
| C:\Vivek_Main\Manim_project\inputbox\75f4872b-cfb7-4473-b32d-4381f1b64060_2 |
| 0251112_164008\script_seq2\script_seq2.py:18 in construct                   |
|                                                                             |
|   15                                                                        |
|   16         # Animation sequence                                           |
|   17         for i, label in enumerate(labels):                             |
| > 18             corner = square.get_corner(UP + LEFT).rotate(i * 90 * DEGR |
|   19             line = DashedLine(label.get_center(), corner, dash_length= |
|   20                                                                        |
|   21             self.play(                                                 |
+-----------------------------------------------------------------------------+
AttributeError: 'numpy.ndarray' object has no attribute 'rotate'

STDOUT:
Manim Community v0.19.0

[11/12/25 16:40:42] INFO     Writing A to               tex_file_writing.py:111
                             C:\Vivek_Main\tutter\src\m                        
                             edia\videos\75f4872b-cfb7-                        
                             4473-b32d-4381f1b64060_202                        
                             51112_164008\script_seq2\T                        
                             ex\90f07b07e57adf79.tex                           
[11/12/25 16:40:49] INFO     Writing B to               tex_file_writing.py:111
                             C:\Vivek_Main\tutter\src\m                        
                             edia\videos\75f4872b-cfb7-                        
                             4473-b32d-4381f1b64060_202                        
                             51112_164008\script_seq2\T                        
                             ex\d82288bb87e99d59.tex                           
[11/12/25 16:40:55] INFO     Writing C to               tex_file_writing.py:111
                             C:\Vivek_Main\tutter\src\m                        
                             edia\videos\75f4872b-cfb7-                        
                             4473-b32d-4381f1b64060_202                        
                             51112_164008\script_seq2\T                        
                             ex\86474863bfdee3e7.tex                           
[11/12/25 16:41:00] INFO     Writing D to               tex_file_writing.py:111
                             C:\Vivek_Main\tutter\src\m                        
                             edia\videos\75f4872b-cfb7-                        
                             4473-b32d-4381f1b64060_202                        
                             51112_164008\script_seq2\T                        
                             ex\265843fdb06dea70.tex
──────────────────────────────────────────────

[2025-11-12 16:41:23] [ERROR] 
❌ Error running Manim on C:/Vivek_Main/Manim_project/inputbox/75f4872b-cfb7-4473-b32d-4381f1b64060_20251112_164008/script_seq3/script_seq3.py
──────────────────────────────────────────────
STDERR:
Animation 0: FadeOut(VGroup of 4 submobjects):   0%|          | 0/15 [00:00<?, ?it/s]
Animation 0: FadeOut(VGroup of 4 submobjects):  20%|##        | 3/15 [00:00<00:00, 29.66it/s]
Animation 0: FadeOut(VGroup of 4 submobjects):  47%|####6     | 7/15 [00:00<00:00, 32.47it/s]
Animation 0: FadeOut(VGroup of 4 submobjects):  80%|########  | 12/15 [00:00<00:00, 37.83it/s]
                                                                                              
+--------------------- Traceback (most recent call last) ---------------------+
| C:\Vivek_Main\tutter\.venv\Lib\site-packages\manim\cli\render\commands.py:1 |
| 25 in render                                                                |
|                                                                             |
|   122             try:                                                      |
|   123                 with tempconfig({}):                                  |
|   124                     scene = SceneClass()                              |
| > 125                     scene.render()                                    |
|   126             except Exception:                                         |
|   127                 error_console.print_exception()                       |
|   128                 sys.exit(1)                                           |
|                                                                             |
| C:\Vivek_Main\tutter\.venv\Lib\site-packages\manim\scene\scene.py:237 in    |
| render                                                                      |
|                                                                             |
|    234         """                                                          |
|    235         self.setup()                                                 |
|    236         try:                                                         |
| >  237             self.construct()                                         |
|    238         except EndSceneEarlyException:                               |
|    239             pass                                                     |
|    240         except RerunSceneException:                                  |
|                                                                             |
| C:\Vivek_Main\Manim_project\inputbox\75f4872b-cfb7-4473-b32d-4381f1b64060_2 |
| 0251112_164008\script_seq3\script_seq3.py:19 in construct                   |
|                                                                             |
|   16         square = Square(side_length=quadrant_size * 2, fill_opacity=0) |
|   17                                                                        |
|   18         images = [                                                     |
| > 19             ImageMobject("image1.png").scale(0.5).move_to(quadrant_siz |
|   20             ImageMobject("image2.png").scale(0.5).move_to(quadrant_siz |
|   21             ImageMobject("image3.png").scale(0.5).move_to(quadrant_siz |
|   22             ImageMobject("image4.png").scale(0.5).move_to(quadrant_siz |
|                                                                             |
| C:\Vivek_Main\tutter\.venv\Lib\site-packages\manim\mobject\types\image_mobj |
| ect.py:194 in __init__                                                      |
|                                                                             |
|   191         self.invert_image = invert                                    |
|   192         self.image_mode = image_mode                                  |
|   193         if isinstance(filename_or_array, (str, pathlib.PurePath)):    |
| > 194             path = get_full_raster_image_path(filename_or_array)      |
|   195             image = Image.open(path).convert(self.image_mode)         |
|   196             self.pixel_array = np.array(image)                        |
|   197             self.path = path                                          |
|                                                                             |
| C:\Vivek_Main\tutter\.venv\Lib\site-packages\manim\utils\images.py:28 in    |
| get_full_raster_image_path                                                  |
|                                                                             |
|   25                                                                        |
|   26                                                                        |
|   27 def get_full_raster_image_path(image_file_name: str | PurePath) -> Pat |
| > 28     return seek_full_path_from_defaults(                               |
|   29         image_file_name,                                               |
|   30         default_dir=config.get_dir("assets_dir"),                      |
|   31         extensions=[".jpg", ".jpeg", ".png", ".gif", ".ico"],          |
|                                                                             |
| C:\Vivek_Main\tutter\.venv\Lib\site-packages\manim\utils\file_ops.py:182 in |
| seek_full_path_from_defaults                                                |
|                                                                             |
|   179         f"From: {Path.cwd()}, could not find {file_name} at either "  |
|   180         f"of these locations: {list(map(str, possible_paths))}"       |
|   181     )                                                                 |
| > 182     raise OSError(error)                                              |
|   183                                                                       |
|   184                                                                       |
|   185 def modify_atime(file_path: str) -> None:                             |
+-----------------------------------------------------------------------------+
OSError: From: C:\Vivek_Main\tutter\src, could not find image1.png at either of
these locations: ['image1.png', 'image1.png', 'image1.png.jpg', 
'image1.png.jpeg', 'image1.png.png', 'image1.png.gif', 'image1.png.ico']

STDOUT:
Manim Community v0.19.0

[11/12/25 16:41:22] INFO     Animation 0 : Partial     scene_file_writer.py:588
                             movie file written in                             
                             'C:\Vivek_Main\tutter\src                         
                             \media\videos\75f4872b-cf                         
                             b7-4473-b32d-4381f1b64060                         
                             _20251112_164008\script_s                         
                             eq3\videos\script_seq3\48                         
                             0p15\partial_movie_files\                         
                             Scene3\1185818338_1379333                         
                             768_2023860264.mp4'
──────────────────────────────────────────────

[2025-11-12 16:41:36] [ERROR] 
❌ Error running Manim on C:/Vivek_Main/Manim_project/inputbox/75f4872b-cfb7-4473-b32d-4381f1b64060_20251112_164008/script_seq4/script_seq4.py
──────────────────────────────────────────────
STDERR:
+--------------------- Traceback (most recent call last) ---------------------+
| C:\Vivek_Main\tutter\.venv\Lib\site-packages\manim\cli\render\commands.py:1 |
| 25 in render                                                                |
|                                                                             |
|   122             try:                                                      |
|   123                 with tempconfig({}):                                  |
|   124                     scene = SceneClass()                              |
| > 125                     scene.render()                                    |
|   126             except Exception:                                         |
|   127                 error_console.print_exception()                       |
|   128                 sys.exit(1)                                           |
|                                                                             |
| C:\Vivek_Main\tutter\.venv\Lib\site-packages\manim\scene\scene.py:237 in    |
| render                                                                      |
|                                                                             |
|    234         """                                                          |
|    235         self.setup()                                                 |
|    236         try:                                                         |
| >  237             self.construct()                                         |
|    238         except EndSceneEarlyException:                               |
|    239             pass                                                     |
|    240         except RerunSceneException:                                  |
|                                                                             |
| C:\Vivek_Main\Manim_project\inputbox\75f4872b-cfb7-4473-b32d-4381f1b64060_2 |
| 0251112_164008\script_seq4\script_seq4.py:17 in construct                   |
|                                                                             |
|   14         self.add(square, *labels)                                      |
|   15                                                                        |
|   16         # Zoom out to show the entire square with labels and images    |
| > 17         self.play(CameraFrame.scale, 1.5, run_time=2)                  |
|   18                                                                        |
|   19         # Fade in summary text                                         |
|   20         summary_text = Text("Key Points:", font_size=36).to_edge(DOWN, |
+-----------------------------------------------------------------------------+
NameError: name 'CameraFrame' is not defined

STDOUT:
Manim Community v0.19.0
──────────────────────────────────────────────

[2025-11-12 16:42:03] [ERROR] ❌ Video and audio list length mismatch
[2025-11-12 16:42:03] [ERROR] ❌ Video generation error
Traceback (most recent call last):
  File "C:\Vivek_Main\tutter\src\video_pipeline\routes\video_routes.py", line 36, in generate_videos_endpoint
    output_path = await process_pipeline(
                  ^^^^^^^^^^^^^^^^^^^^^^^
  File "C:\Vivek_Main\tutter\src\main.py", line 63, in process_pipeline
    final_video_bytes = MergerFactory.merge_all_videos_with_audio(video_bytes_list, audio_bytes_list,unique_id)
                        ^^^^^^^^^^^^^^^^^^^^^^^^^^^^^^^^^^^^^^^^^^^^^^^^^^^^^^^^^^^^^^^^^^^^^^^^^^^^^^^^^^^^^^^
  File "C:\Vivek_Main\tutter\src\merger_factory.py", line 209, in merge_all_videos_with_audio
    return MergerFactory.merge_video_with_audio(video_bytes_list, audio_bytes_list, unique_id)
           ^^^^^^^^^^^^^^^^^^^^^^^^^^^^^^^^^^^^^^^^^^^^^^^^^^^^^^^^^^^^^^^^^^^^^^^^^^^^^^^^^^^
  File "C:\Vivek_Main\tutter\src\merger_factory.py", line 132, in merge_video_with_audio
    raise ValueError("Video and audio lists must have the same length")
ValueError: Video and audio lists must have the same length
[2025-11-12 16:42:04] [ERROR] ❌ HTTP 500: {"detail":"Video and audio lists must have the same length"}
[2025-11-12 16:42:04] [ERROR] ❌ Video generation failed for 75f4872b-cfb7-4473-b32d-4381f1b64060: 500: {"detail":"Video and audio lists must have the same length"}
[2025-11-12 16:42:04] [ERROR] ❌ Unhandled error in write_scripts endpoint
Traceback (most recent call last):
  File "C:\Vivek_Main\tutter\src\video_pipeline\routes\write_routes.py", line 99, in write_scripts
    video_result = await async_post(
                   ^^^^^^^^^^^^^^^^^
  File "C:\Vivek_Main\tutter\src\video_pipeline\utils.py", line 15, in async_post
    raise HTTPException(status_code=resp.status_code, detail=resp.text)
fastapi.exceptions.HTTPException: 500: {"detail":"Video and audio lists must have the same length"}

During handling of the above exception, another exception occurred:

Traceback (most recent call last):
  File "C:\Vivek_Main\tutter\src\video_pipeline\routes\write_routes.py", line 124, in write_scripts
    raise HTTPException(status_code=500, detail=err_msg)
fastapi.exceptions.HTTPException: 500: ❌ Video generation failed for 75f4872b-cfb7-4473-b32d-4381f1b64060: 500: {"detail":"Video and audio lists must have the same length"}
[2025-11-12 16:42:04] [ERROR] ❌ HTTP 500: {"detail":"500: ❌ Video generation failed for 75f4872b-cfb7-4473-b32d-4381f1b64060: 500: {\"detail\":\"Video and audio lists must have the same length\"}"}
[2025-11-12 16:42:04] [ERROR] ❌ Error generating code
Traceback (most recent call last):
  File "C:\Vivek_Main\tutter\src\video_pipeline\routes\generator_routes.py", line 30, in generate_code_endpoint
    write_result = await async_post(write_url, result, timeout=120)
                   ^^^^^^^^^^^^^^^^^^^^^^^^^^^^^^^^^^^^^^^^^^^^^^^^
  File "C:\Vivek_Main\tutter\src\video_pipeline\utils.py", line 15, in async_post
    raise HTTPException(status_code=resp.status_code, detail=resp.text)
fastapi.exceptions.HTTPException: 500: {"detail":"500: ❌ Video generation failed for 75f4872b-cfb7-4473-b32d-4381f1b64060: 500: {\"detail\":\"Video and audio lists must have the same length\"}"}
[2025-11-12 16:42:05] [ERROR] ❌ HTTP 500: {"detail":"500: {\"detail\":\"500: ❌ Video generation failed for 75f4872b-cfb7-4473-b32d-4381f1b64060: 500: {\\\"detail\\\":\\\"Video and audio lists must have the same length\\\"}\"}"}
[2025-11-12 16:52:27] [ERROR] 
❌ Error running Manim on C:/Vivek_Main/Manim_project/inputbox/66a34722-cff2-401a-879c-b2b7d59485a0_20251112_165216/script_seq1/script_seq1.py
──────────────────────────────────────────────
STDERR:
Animation 0: FadeIn(Text('Labels at Square Corners: Class 10 English')):   0%|          | 0/15 [00:00<?, ?it/s]
Animation 0: FadeIn(Text('Labels at Square Corners: Class 10 English')):  60%|######    | 9/15 [00:00<00:00, 83.60it/s]
                                                                                                                       
+--------------------- Traceback (most recent call last) ---------------------+
| C:\Vivek_Main\tutter\.venv\Lib\site-packages\manim\cli\render\commands.py:1 |
| 25 in render                                                                |
|                                                                             |
|   122             try:                                                      |
|   123                 with tempconfig({}):                                  |
|   124                     scene = SceneClass()                              |
| > 125                     scene.render()                                    |
|   126             except Exception:                                         |
|   127                 error_console.print_exception()                       |
|   128                 sys.exit(1)                                           |
|                                                                             |
| C:\Vivek_Main\tutter\.venv\Lib\site-packages\manim\scene\scene.py:237 in    |
| render                                                                      |
|                                                                             |
|    234         """                                                          |
|    235         self.setup()                                                 |
|    236         try:                                                         |
| >  237             self.construct()                                         |
|    238         except EndSceneEarlyException:                               |
|    239             pass                                                     |
|    240         except RerunSceneException:                                  |
|                                                                             |
| C:\Vivek_Main\Manim_project\inputbox\66a34722-cff2-401a-879c-b2b7d59485a0_2 |
| 0251112_165216\script_seq1\script_seq1.py:17 in construct                   |
|                                                                             |
|   14         # Zoom out slightly to reveal a simple square shape below the  |
|   15         square = Square(side_length=4, color=BLACK)                    |
|   16         square.next_to(title, DOWN, buff=1.5)                          |
| > 17         self.play(self.camera.frame.animate.scale(1.2), FadeIn(square) |
|   18         self.wait(1)                                                   |
|   19                                                                        |
|   20         # Animate four small, colored dots appearing at each corner of |
+-----------------------------------------------------------------------------+
AttributeError: 'Camera' object has no attribute 'frame'

STDOUT:
Manim Community v0.19.0

[11/12/25 16:52:26] INFO     Animation 0 : Partial     scene_file_writer.py:588
                             movie file written in                             
                             'C:\Vivek_Main\tutter\src                         
                             \media\videos\66a34722-cf                         
                             f2-401a-879c-b2b7d59485a0                         
                             _20251112_165216\script_s                         
                             eq1\videos\script_seq1\48                         
                             0p15\partial_movie_files\                         
                             SquareCornerLabels\931832                         
                             650_3107961746_223132457.                         
                             mp4'                                              
                    INFO     Animation 1 : Partial     scene_file_writer.py:588
                             movie file written in                             
                             'C:\Vivek_Main\tutter\src                         
                             \media\videos\66a34722-cf                         
                             f2-401a-879c-b2b7d59485a0                         
                             _20251112_165216\script_s                         
                             eq1\videos\script_seq1\48                         
                             0p15\partial_movie_files\                         
                             SquareCornerLabels\190528                         
                             8516_1436906429_199757199                         
                             4.mp4'
──────────────────────────────────────────────

[2025-11-12 16:52:53] [ERROR] 
❌ Error running Manim on C:/Vivek_Main/Manim_project/inputbox/66a34722-cff2-401a-879c-b2b7d59485a0_20251112_165216/script_seq2/script_seq2.py
──────────────────────────────────────────────
STDERR:
Animation 0: Rotate(Square):   0%|          | 0/45 [00:00<?, ?it/s]
Animation 0: Rotate(Square):  24%|##4       | 11/45 [00:00<00:00, 109.74it/s]
Animation 0: Rotate(Square):  49%|####8     | 22/45 [00:00<00:00, 105.88it/s]
Animation 0: Rotate(Square):  82%|########2 | 37/45 [00:00<00:00, 121.53it/s]
                                                                             

Animation 1: Indicate(MathTex('A')):   0%|          | 0/15 [00:00<?, ?it/s]
Animation 1: Indicate(MathTex('A')):  67%|######6   | 10/15 [00:00<00:00, 99.40it/s]
                                                                                    

Animation 2: Indicate(MathTex('B')):   0%|          | 0/15 [00:00<?, ?it/s]
Animation 2: Indicate(MathTex('B')):  73%|#######3  | 11/15 [00:00<00:00, 106.13it/s]
                                                                                     

Animation 3: Indicate(MathTex('C')):   0%|          | 0/15 [00:00<?, ?it/s]
Animation 3: Indicate(MathTex('C')): 100%|##########| 15/15 [00:00<00:00, 139.91it/s]
                                                                                     

Animation 4: Indicate(MathTex('D')):   0%|          | 0/15 [00:00<?, ?it/s]
                                                                           
+--------------------- Traceback (most recent call last) ---------------------+
| C:\Vivek_Main\tutter\.venv\Lib\site-packages\manim\cli\render\commands.py:1 |
| 25 in render                                                                |
|                                                                             |
|   122             try:                                                      |
|   123                 with tempconfig({}):                                  |
|   124                     scene = SceneClass()                              |
| > 125                     scene.render()                                    |
|   126             except Exception:                                         |
|   127                 error_console.print_exception()                       |
|   128                 sys.exit(1)                                           |
|                                                                             |
| C:\Vivek_Main\tutter\.venv\Lib\site-packages\manim\scene\scene.py:237 in    |
| render                                                                      |
|                                                                             |
|    234         """                                                          |
|    235         self.setup()                                                 |
|    236         try:                                                         |
| >  237             self.construct()                                         |
|    238         except EndSceneEarlyException:                               |
|    239             pass                                                     |
|    240         except RerunSceneException:                                  |
|                                                                             |
| C:\Vivek_Main\Manim_project\inputbox\66a34722-cff2-401a-879c-b2b7d59485a0_2 |
| 0251112_165216\script_seq2\script_seq2.py:28 in construct                   |
|                                                                             |
|   25             self.play(Indicate(label), run_time=1)                     |
|   26                                                                        |
|   27         # Zoom in on one corner to emphasize the labelâ\x80\x99s position      |
| > 28         self.play(CameraFrame.frame.move_to.original, square.get_corne |
|   29                                                                        |
|   30         # Draw a small arrow pointing from the label to the corner     |
|   31         arrow = Arrow(labels[0].get_center(), square.get_corner(UP + L |
+-----------------------------------------------------------------------------+
NameError: name 'CameraFrame' is not defined

STDOUT:
Manim Community v0.19.0

[11/12/25 16:52:38] INFO     Writing A to               tex_file_writing.py:111
                             C:\Vivek_Main\tutter\src\m                        
                             edia\videos\66a34722-cff2-                        
                             401a-879c-b2b7d59485a0_202                        
                             51112_165216\script_seq2\T                        
                             ex\90f07b07e57adf79.tex                           
[11/12/25 16:52:40] INFO     Writing B to               tex_file_writing.py:111
                             C:\Vivek_Main\tutter\src\m                        
                             edia\videos\66a34722-cff2-                        
                             401a-879c-b2b7d59485a0_202                        
                             51112_165216\script_seq2\T                        
                             ex\d82288bb87e99d59.tex                           
[11/12/25 16:52:44] INFO     Writing C to               tex_file_writing.py:111
                             C:\Vivek_Main\tutter\src\m                        
                             edia\videos\66a34722-cff2-                        
                             401a-879c-b2b7d59485a0_202                        
                             51112_165216\script_seq2\T                        
                             ex\86474863bfdee3e7.tex                           
[11/12/25 16:52:47] INFO     Writing D to               tex_file_writing.py:111
                             C:\Vivek_Main\tutter\src\m                        
                             edia\videos\66a34722-cff2-                        
                             401a-879c-b2b7d59485a0_202                        
                             51112_165216\script_seq2\T                        
                             ex\265843fdb06dea70.tex                           
[11/12/25 16:52:50] INFO     Animation 0 : Partial     scene_file_writer.py:588
                             movie file written in                             
                             'C:\Vivek_Main\tutter\src                         
                             \media\videos\66a34722-cf                         
                             f2-401a-879c-b2b7d59485a0                         
                             _20251112_165216\script_s                         
                             eq2\videos\script_seq2\48                         
                             0p15\partial_movie_files\                         
                             RotateSquareWithLabels\11                         
                             85818338_3477968053_40533                         
                             1218.mp4'                                         
                    INFO     Animation 1 : Partial     scene_file_writer.py:588
                             movie file written in                             
                             'C:\Vivek_Main\tutter\src                         
                             \media\videos\66a34722-cf                         
                             f2-401a-879c-b2b7d59485a0                         
                             _20251112_165216\script_s                         
                             eq2\videos\script_seq2\48                         
                             0p15\partial_movie_files\                         
                             RotateSquareWithLabels\62                         
                             4642324_2865146068_179302                         
                             9302.mp4'                                         
[11/12/25 16:52:51] INFO     Animation 2 : Partial     scene_file_writer.py:588
                             movie file written in                             
                             'C:\Vivek_Main\tutter\src                         
                             \media\videos\66a34722-cf                         
                             f2-401a-879c-b2b7d59485a0                         
                             _20251112_165216\script_s                         
                             eq2\videos\script_seq2\48                         
                             0p15\partial_movie_files\                         
                             RotateSquareWithLabels\62                         
                             4642324_3560475010_354159                         
                             6098.mp4'                                         
                    INFO     Animation 3 : Partial     scene_file_writer.py:588
                             movie file written in                             
                             'C:\Vivek_Main\tutter\src                         
                             \media\videos\66a34722-cf                         
                             f2-401a-879c-b2b7d59485a0                         
                             _20251112_165216\script_s                         
                             eq2\videos\script_seq2\48                         
                             0p15\partial_movie_files\                         
                             RotateSquareWithLabels\62                         
                             4642324_87498566_38347132                         
                             75.mp4'                                           
                    INFO     Animation 4 : Partial     scene_file_writer.py:588
                             movie file written in                             
                             'C:\Vivek_Main\tutter\src                         
                             \media\videos\66a34722-cf                         
                             f2-401a-879c-b2b7d59485a0                         
                             _20251112_165216\script_s                         
                             eq2\videos\script_seq2\48                         
                             0p15\partial_movie_files\                         
                             RotateSquareWithLabels\62                         
                             4642324_2208206222_282775                         
                             2692.mp4'
──────────────────────────────────────────────

[2025-11-12 16:53:06] [ERROR] 
❌ Error running Manim on C:/Vivek_Main/Manim_project/inputbox/66a34722-cff2-401a-879c-b2b7d59485a0_20251112_165216/script_seq3/script_seq3.py
──────────────────────────────────────────────
STDERR:
Traceback (most recent call last):
  File "<frozen runpy>", line 198, in _run_module_as_main
  File "<frozen runpy>", line 88, in _run_code
  File "C:\Vivek_Main\tutter\.venv\Scripts\manim.exe\__main__.py", line 7, in <module>
  File "C:\Vivek_Main\tutter\.venv\Lib\site-packages\click\core.py", line 1161, in __call__
    return self.main(*args, **kwargs)
           ^^^^^^^^^^^^^^^^^^^^^^^^^^
  File "C:\Vivek_Main\tutter\.venv\Lib\site-packages\click\core.py", line 1082, in main
    rv = self.invoke(ctx)
         ^^^^^^^^^^^^^^^^
  File "C:\Vivek_Main\tutter\.venv\Lib\site-packages\click\core.py", line 1697, in invoke
    return _process_result(sub_ctx.command.invoke(sub_ctx))
                           ^^^^^^^^^^^^^^^^^^^^^^^^^^^^^^^
  File "C:\Vivek_Main\tutter\.venv\Lib\site-packages\click\core.py", line 1443, in invoke
    return ctx.invoke(self.callback, **ctx.params)
           ^^^^^^^^^^^^^^^^^^^^^^^^^^^^^^^^^^^^^^^
  File "C:\Vivek_Main\tutter\.venv\Lib\site-packages\click\core.py", line 788, in invoke
    return __callback(*args, **kwargs)
           ^^^^^^^^^^^^^^^^^^^^^^^^^^^
  File "C:\Vivek_Main\tutter\.venv\Lib\site-packages\manim\cli\render\commands.py", line 121, in render
    for SceneClass in scene_classes_from_file(file):
                      ^^^^^^^^^^^^^^^^^^^^^^^^^^^^^
  File "C:\Vivek_Main\tutter\.venv\Lib\site-packages\manim\utils\module_ops.py", line 167, in scene_classes_from_file
    module = get_module(file_path)
             ^^^^^^^^^^^^^^^^^^^^^
  File "C:\Vivek_Main\tutter\.venv\Lib\site-packages\manim\utils\module_ops.py", line 67, in get_module
    spec.loader.exec_module(module)
  File "<frozen importlib._bootstrap_external>", line 936, in exec_module
  File "<frozen importlib._bootstrap_external>", line 1074, in get_code
  File "<frozen importlib._bootstrap_external>", line 1004, in source_to_code
  File "<frozen importlib._bootstrap>", line 241, in _call_with_frames_removed
  File "C:\Vivek_Main\Manim_project\inputbox\66a34722-cff2-401a-879c-b2b7d59485a0_20251112_165216\script_seq3\script_seq3.py", line 49
    for i in range(4) for j in range(4]
                                      ^
SyntaxError: closing parenthesis ']' does not match opening parenthesis '('

STDOUT:
Manim Community v0.19.0
──────────────────────────────────────────────

[2025-11-12 16:53:18] [ERROR] 
❌ Error running Manim on C:/Vivek_Main/Manim_project/inputbox/66a34722-cff2-401a-879c-b2b7d59485a0_20251112_165216/script_seq4/script_seq4.py
──────────────────────────────────────────────
STDERR:
Animation 0: FadeIn(VGroup of 4 submobjects), etc.:   0%|          | 0/15 [00:00<?, ?it/s]
Animation 0: FadeIn(VGroup of 4 submobjects), etc.:  60%|######    | 9/15 [00:00<00:00, 89.83it/s]
                                                                                                  
+--------------------- Traceback (most recent call last) ---------------------+
| C:\Vivek_Main\tutter\.venv\Lib\site-packages\manim\cli\render\commands.py:1 |
| 25 in render                                                                |
|                                                                             |
|   122             try:                                                      |
|   123                 with tempconfig({}):                                  |
|   124                     scene = SceneClass()                              |
| > 125                     scene.render()                                    |
|   126             except Exception:                                         |
|   127                 error_console.print_exception()                       |
|   128                 sys.exit(1)                                           |
|                                                                             |
| C:\Vivek_Main\tutter\.venv\Lib\site-packages\manim\scene\scene.py:237 in    |
| render                                                                      |
|                                                                             |
|    234         """                                                          |
|    235         self.setup()                                                 |
|    236         try:                                                         |
| >  237             self.construct()                                         |
|    238         except EndSceneEarlyException:                               |
|    239             pass                                                     |
|    240         except RerunSceneException:                                  |
|                                                                             |
| C:\Vivek_Main\Manim_project\inputbox\66a34722-cff2-401a-879c-b2b7d59485a0_2 |
| 0251112_165216\script_seq4\script_seq4.py:23 in construct                   |
|                                                                             |
|   20         self.play(FadeIn(squares), FadeIn(labels))                     |
|   21                                                                        |
|   22         # Zoom out to show all four squares with correct labels        |
| > 23         self.play(CameraFrame.scale, 1.5, run_time=2)                  |
|   24                                                                        |
|   25         # Fade in a summary text                                       |
|   26         summary_text = Text("Key Takeaway: Labels must always align wi |
+-----------------------------------------------------------------------------+
NameError: name 'CameraFrame' is not defined

STDOUT:
Manim Community v0.19.0

[11/12/25 16:53:17] INFO     Animation 0 : Partial     scene_file_writer.py:588
                             movie file written in                             
                             'C:\Vivek_Main\tutter\src                         
                             \media\videos\66a34722-cf                         
                             f2-401a-879c-b2b7d59485a0                         
                             _20251112_165216\script_s                         
                             eq4\videos\script_seq4\48                         
                             0p15\partial_movie_files\                         
                             SquareLabelsScene\1185818                         
                             338_2484734971_223132457.                         
                             mp4'
──────────────────────────────────────────────

[2025-11-12 16:54:16] [ERROR] ❌ Error generating code
Traceback (most recent call last):
  File "C:\Vivek_Main\tutter\.venv\Lib\site-packages\httpx\_transports\default.py", line 101, in map_httpcore_exceptions
    yield
  File "C:\Vivek_Main\tutter\.venv\Lib\site-packages\httpx\_transports\default.py", line 394, in handle_async_request
    resp = await self._pool.handle_async_request(req)
           ^^^^^^^^^^^^^^^^^^^^^^^^^^^^^^^^^^^^^^^^^^
  File "C:\Vivek_Main\tutter\.venv\Lib\site-packages\httpcore\_async\connection_pool.py", line 256, in handle_async_request
    raise exc from None
  File "C:\Vivek_Main\tutter\.venv\Lib\site-packages\httpcore\_async\connection_pool.py", line 236, in handle_async_request
    response = await connection.handle_async_request(
               ^^^^^^^^^^^^^^^^^^^^^^^^^^^^^^^^^^^^^^
  File "C:\Vivek_Main\tutter\.venv\Lib\site-packages\httpcore\_async\connection.py", line 103, in handle_async_request
    return await self._connection.handle_async_request(request)
           ^^^^^^^^^^^^^^^^^^^^^^^^^^^^^^^^^^^^^^^^^^^^^^^^^^^^
  File "C:\Vivek_Main\tutter\.venv\Lib\site-packages\httpcore\_async\http11.py", line 136, in handle_async_request
    raise exc
  File "C:\Vivek_Main\tutter\.venv\Lib\site-packages\httpcore\_async\http11.py", line 106, in handle_async_request
    ) = await self._receive_response_headers(**kwargs)
        ^^^^^^^^^^^^^^^^^^^^^^^^^^^^^^^^^^^^^^^^^^^^^^
  File "C:\Vivek_Main\tutter\.venv\Lib\site-packages\httpcore\_async\http11.py", line 177, in _receive_response_headers
    event = await self._receive_event(timeout=timeout)
            ^^^^^^^^^^^^^^^^^^^^^^^^^^^^^^^^^^^^^^^^^^
  File "C:\Vivek_Main\tutter\.venv\Lib\site-packages\httpcore\_async\http11.py", line 217, in _receive_event
    data = await self._network_stream.read(
           ^^^^^^^^^^^^^^^^^^^^^^^^^^^^^^^^
  File "C:\Vivek_Main\tutter\.venv\Lib\site-packages\httpcore\_backends\anyio.py", line 32, in read
    with map_exceptions(exc_map):
  File "C:\Users\vivek_vslen2j\AppData\Local\Programs\Python\Python311\Lib\contextlib.py", line 158, in __exit__
    self.gen.throw(typ, value, traceback)
  File "C:\Vivek_Main\tutter\.venv\Lib\site-packages\httpcore\_exceptions.py", line 14, in map_exceptions
    raise to_exc(exc) from exc
httpcore.ReadTimeout

The above exception was the direct cause of the following exception:

Traceback (most recent call last):
  File "C:\Vivek_Main\tutter\src\video_pipeline\routes\generator_routes.py", line 30, in generate_code_endpoint
    write_result = await async_post(write_url, result, timeout=120)
                   ^^^^^^^^^^^^^^^^^^^^^^^^^^^^^^^^^^^^^^^^^^^^^^^^
  File "C:\Vivek_Main\tutter\src\video_pipeline\utils.py", line 12, in async_post
    resp = await client.post(url, json=payload, headers={"Content-Type": "application/json"})
           ^^^^^^^^^^^^^^^^^^^^^^^^^^^^^^^^^^^^^^^^^^^^^^^^^^^^^^^^^^^^^^^^^^^^^^^^^^^^^^^^^^
  File "C:\Vivek_Main\tutter\.venv\Lib\site-packages\httpx\_client.py", line 1859, in post
    return await self.request(
           ^^^^^^^^^^^^^^^^^^^
  File "C:\Vivek_Main\tutter\.venv\Lib\site-packages\httpx\_client.py", line 1540, in request
    return await self.send(request, auth=auth, follow_redirects=follow_redirects)
           ^^^^^^^^^^^^^^^^^^^^^^^^^^^^^^^^^^^^^^^^^^^^^^^^^^^^^^^^^^^^^^^^^^^^^^
  File "C:\Vivek_Main\tutter\.venv\Lib\site-packages\httpx\_client.py", line 1629, in send
    response = await self._send_handling_auth(
               ^^^^^^^^^^^^^^^^^^^^^^^^^^^^^^^
  File "C:\Vivek_Main\tutter\.venv\Lib\site-packages\httpx\_client.py", line 1657, in _send_handling_auth
    response = await self._send_handling_redirects(
               ^^^^^^^^^^^^^^^^^^^^^^^^^^^^^^^^^^^^
  File "C:\Vivek_Main\tutter\.venv\Lib\site-packages\httpx\_client.py", line 1694, in _send_handling_redirects
    response = await self._send_single_request(request)
               ^^^^^^^^^^^^^^^^^^^^^^^^^^^^^^^^^^^^^^^^
  File "C:\Vivek_Main\tutter\.venv\Lib\site-packages\httpx\_client.py", line 1730, in _send_single_request
    response = await transport.handle_async_request(request)
               ^^^^^^^^^^^^^^^^^^^^^^^^^^^^^^^^^^^^^^^^^^^^^
  File "C:\Vivek_Main\tutter\.venv\Lib\site-packages\httpx\_transports\default.py", line 393, in handle_async_request
    with map_httpcore_exceptions():
  File "C:\Users\vivek_vslen2j\AppData\Local\Programs\Python\Python311\Lib\contextlib.py", line 158, in __exit__
    self.gen.throw(typ, value, traceback)
  File "C:\Vivek_Main\tutter\.venv\Lib\site-packages\httpx\_transports\default.py", line 118, in map_httpcore_exceptions
    raise mapped_exc(message) from exc
httpx.ReadTimeout
[2025-11-12 16:54:18] [ERROR] ❌ HTTP 500: {"detail":""}
[2025-11-12 16:54:25] [ERROR] ❌ Video and audio list length mismatch
[2025-11-12 16:54:25] [ERROR] ❌ Video generation error
Traceback (most recent call last):
  File "C:\Vivek_Main\tutter\src\video_pipeline\routes\video_routes.py", line 36, in generate_videos_endpoint
    output_path = await process_pipeline(
                  ^^^^^^^^^^^^^^^^^^^^^^^
  File "C:\Vivek_Main\tutter\src\main.py", line 63, in process_pipeline
    final_video_bytes = MergerFactory.merge_all_videos_with_audio(video_bytes_list, audio_bytes_list,unique_id)
                        ^^^^^^^^^^^^^^^^^^^^^^^^^^^^^^^^^^^^^^^^^^^^^^^^^^^^^^^^^^^^^^^^^^^^^^^^^^^^^^^^^^^^^^^
  File "C:\Vivek_Main\tutter\src\merger_factory.py", line 209, in merge_all_videos_with_audio
    return MergerFactory.merge_video_with_audio(video_bytes_list, audio_bytes_list, unique_id)
           ^^^^^^^^^^^^^^^^^^^^^^^^^^^^^^^^^^^^^^^^^^^^^^^^^^^^^^^^^^^^^^^^^^^^^^^^^^^^^^^^^^^
  File "C:\Vivek_Main\tutter\src\merger_factory.py", line 132, in merge_video_with_audio
    raise ValueError("Video and audio lists must have the same length")
ValueError: Video and audio lists must have the same length
[2025-11-12 16:54:25] [ERROR] ❌ HTTP 500: {"detail":"Video and audio lists must have the same length"}
[2025-11-12 16:54:25] [ERROR] ❌ Video generation failed for 66a34722-cff2-401a-879c-b2b7d59485a0: 500: {"detail":"Video and audio lists must have the same length"}
[2025-11-12 16:54:25] [ERROR] ❌ Unhandled error in write_scripts endpoint
Traceback (most recent call last):
  File "C:\Vivek_Main\tutter\src\video_pipeline\routes\write_routes.py", line 99, in write_scripts
    video_result = await async_post(
                   ^^^^^^^^^^^^^^^^^
  File "C:\Vivek_Main\tutter\src\video_pipeline\utils.py", line 15, in async_post
    raise HTTPException(status_code=resp.status_code, detail=resp.text)
fastapi.exceptions.HTTPException: 500: {"detail":"Video and audio lists must have the same length"}

During handling of the above exception, another exception occurred:

Traceback (most recent call last):
  File "C:\Vivek_Main\tutter\src\video_pipeline\routes\write_routes.py", line 124, in write_scripts
    raise HTTPException(status_code=500, detail=err_msg)
fastapi.exceptions.HTTPException: 500: ❌ Video generation failed for 66a34722-cff2-401a-879c-b2b7d59485a0: 500: {"detail":"Video and audio lists must have the same length"}
