[2025-11-17 14:11:00] [ERROR] 
❌ Error running Manim on C:/ArkMalay/Framework_1/Video_data/20251117_140801_77322cc7-68fd-4a3d-8e36-32f824bc0778/script_seq1/script_seq1.py
──────────────────────────────────────────────
STDERR:
Animation 0: Write(Text('Understanding Angles in Geometry')):   0%|          | 0/30 [00:00<?, ?it/s]
Animation 0: Write(Text('Understanding Angles in Geometry')):  13%|#3        | 4/30 [00:00<00:00, 38.97it/s]
Animation 0: Write(Text('Understanding Angles in Geometry')):  30%|###       | 9/30 [00:00<00:00, 44.30it/s]
Animation 0: Write(Text('Understanding Angles in Geometry')):  47%|####6     | 14/30 [00:00<00:00, 43.09it/s]
Animation 0: Write(Text('Understanding Angles in Geometry')):  63%|######3   | 19/30 [00:00<00:00, 40.70it/s]
Animation 0: Write(Text('Understanding Angles in Geometry')):  80%|########  | 24/30 [00:00<00:00, 35.44it/s]
Animation 0: Write(Text('Understanding Angles in Geometry')):  93%|#########3| 28/30 [00:00<00:00, 30.86it/s]
                                                                                                             
latex: major issue: So far, you have not checked for MiKTeX updates.
+--------------------- Traceback (most recent call last) ---------------------+
| C:\ArkMalay\Framework_1\tutor\.venv\Lib\site-packages\manim\cli\render\comm |
| ands.py:125 in render                                                       |
|                                                                             |
|   122             try:                                                      |
|   123                 with tempconfig({}):                                  |
|   124                     scene = SceneClass()                              |
| > 125                     scene.render()                                    |
|   126             except Exception:                                         |
|   127                 error_console.print_exception()                       |
|   128                 sys.exit(1)                                           |
|                                                                             |
| C:\ArkMalay\Framework_1\tutor\.venv\Lib\site-packages\manim\scene\scene.py: |
| 237 in render                                                               |
|                                                                             |
|    234         """                                                          |
|    235         self.setup()                                                 |
|    236         try:                                                         |
| >  237             self.construct()                                         |
|    238         except EndSceneEarlyException:                               |
|    239             pass                                                     |
|    240         except RerunSceneException:                                  |
|                                                                             |
| C:\ArkMalay\Framework_1\Video_data\20251117_140801_77322cc7-68fd-4a3d-8e36- |
| 32f824bc0778\script_seq1\script_seq1.py:19 in construct                     |
|                                                                             |
|   16         ray1 = Line(ORIGIN, 4 * RIGHT, color=BLUE)                     |
|   17         ray2 = Line(ORIGIN, 4 * UP, color=BLUE)                        |
|   18         vertex_A = Dot(ORIGIN, color=RED)                              |
| > 19         angle_label = MathTex("\angle A", font_size=24, color=RED)     |
|   20                                                                        |
|   21         self.play(                                                     |
|   22             Create(ray1),                                              |
|                                                                             |
| C:\ArkMalay\Framework_1\tutor\.venv\Lib\site-packages\manim\mobject\text\te |
| x_mobject.py:298 in __init__                                                |
|                                                                             |
|   295                         """,                                          |
|   296                     ),                                                |
|   297                 )                                                     |
| > 298             raise compilation_error                                   |
|   299         self.set_color_by_tex_to_color_map(self.tex_to_color_map)     |
|   300                                                                       |
|   301         if self.organize_left_to_right:                               |
|                                                                             |
| C:\ArkMalay\Framework_1\tutor\.venv\Lib\site-packages\manim\mobject\text\te |
| x_mobject.py:277 in __init__                                                |
|                                                                             |
|   274         self.brace_notation_split_occurred = False                    |
|   275         self.tex_strings = self._break_up_tex_strings(tex_strings)    |
|   276         try:                                                          |
| > 277             super().__init__(                                         |
|   278                 self.arg_separator.join(self.tex_strings),            |
|   279                 tex_environment=self.tex_environment,                 |
|   280                 tex_template=self.tex_template,                       |
|                                                                             |
| C:\ArkMalay\Framework_1\tutor\.venv\Lib\site-packages\manim\mobject\text\te |
| x_mobject.py:80 in __init__                                                 |
|                                                                             |
|    77                                                                       |
|    78         assert isinstance(tex_string, str)                            |
|    79         self.tex_string = tex_string                                  |
| >  80         file_name = tex_to_svg_file(                                  |
|    81             self._get_modified_expression(tex_string),                |
|    82             environment=self.tex_environment,                         |
|    83             tex_template=self.tex_template,                           |
|                                                                             |
| C:\ArkMalay\Framework_1\tutor\.venv\Lib\site-packages\manim\utils\tex_file_ |
| writing.py:65 in tex_to_svg_file                                            |
|                                                                             |
|    62     if svg_file.exists():                                             |
|    63         return svg_file                                               |
|    64                                                                       |
| >  65     dvi_file = compile_tex(                                           |
|    66         tex_file,                                                     |
|    67         tex_template.tex_compiler,                                    |
|    68         tex_template.output_format,                                   |
|                                                                             |
| C:\ArkMalay\Framework_1\tutor\.venv\Lib\site-packages\manim\utils\tex_file_ |
| writing.py:212 in compile_tex                                               |
|                                                                             |
|   209         if cp.returncode != 0:                                        |
|   210             log_file = tex_file.with_suffix(".log")                   |
|   211             print_all_tex_errors(log_file, tex_compiler, tex_file)    |
| > 212             raise ValueError(                                         |
|   213                 f"{tex_compiler} error converting to"                 |
|   214                 f" {output_format[1:]}. See log output above or"      |
|   215                 f" the log file: {log_file}",                         |
+-----------------------------------------------------------------------------+
ValueError: latex error converting to dvi. See log output above or the log 
file: 
C:\ArkMalay\Framework_1\tutor\src\media\videos\20251117_140801_77322cc7-68fd-4a
3d-8e36-32f824bc0778\script_seq1\Tex\aa2b0dbb251a5c8d.log

STDOUT:
Manim Community v0.19.0

[11/17/25 14:10:53] INFO     Animation 0 : Partial     scene_file_writer.py:588
                             movie file written in                             
                             'C:\ArkMalay\Framework_1\                         
                             tutor\src\media\videos\20                         
                             251117_140801_77322cc7-68                         
                             fd-4a3d-8e36-32f824bc0778                         
                             \script_seq1\videos\scrip                         
                             t_seq1\480p15\partial_mov                         
                             ie_files\ScriptStep1\1185                         
                             818338_4073306678_1563692                         
                             576.mp4'                                          
[11/17/25 14:10:54] INFO     Animation 1 : Partial     scene_file_writer.py:588
                             movie file written in                             
                             'C:\ArkMalay\Framework_1\                         
                             tutor\src\media\videos\20                         
                             251117_140801_77322cc7-68                         
                             fd-4a3d-8e36-32f824bc0778                         
                             \script_seq1\videos\scrip                         
                             t_seq1\480p15\partial_mov                         
                             ie_files\ScriptStep1\6246                         
                             42324_3394500337_13330214                         
                             60.mp4'                                           
                    INFO     Writing ngle A to          tex_file_writing.py:111
                             C:\ArkMalay\Framework_1\tu                        
                             tor\src\media\videos\20251                        
                             117_140801_77322cc7-68fd-4                        
                             a3d-8e36-32f824bc0778\scri                        
                             pt_seq1\Tex\aa2b0dbb251a5c                        
                             8d.tex                                            
[11/17/25 14:10:58] ERROR    LaTeX compilation error:   tex_file_writing.py:314
                             LaTeX Error: Unicode                              
                             character ^^G (U+0007)                            
                                                                               
                    ERROR    Context of error:          tex_file_writing.py:348
                             -> ngle A                                         
                             \end{align*}                                      
                             \end{document}
──────────────────────────────────────────────

[2025-11-17 14:11:01] [ERROR] ❌ Unexpected error in /search endpoint
Traceback (most recent call last):
  File "C:\ArkMalay\Framework_1\tutor\.venv\Lib\site-packages\httpx\_transports\default.py", line 101, in map_httpcore_exceptions
    yield
  File "C:\ArkMalay\Framework_1\tutor\.venv\Lib\site-packages\httpx\_transports\default.py", line 394, in handle_async_request
    resp = await self._pool.handle_async_request(req)
           ^^^^^^^^^^^^^^^^^^^^^^^^^^^^^^^^^^^^^^^^^^
  File "C:\ArkMalay\Framework_1\tutor\.venv\Lib\site-packages\httpcore\_async\connection_pool.py", line 256, in handle_async_request
    raise exc from None
  File "C:\ArkMalay\Framework_1\tutor\.venv\Lib\site-packages\httpcore\_async\connection_pool.py", line 236, in handle_async_request
    response = await connection.handle_async_request(
               ^^^^^^^^^^^^^^^^^^^^^^^^^^^^^^^^^^^^^^
  File "C:\ArkMalay\Framework_1\tutor\.venv\Lib\site-packages\httpcore\_async\connection.py", line 103, in handle_async_request
    return await self._connection.handle_async_request(request)
           ^^^^^^^^^^^^^^^^^^^^^^^^^^^^^^^^^^^^^^^^^^^^^^^^^^^^
  File "C:\ArkMalay\Framework_1\tutor\.venv\Lib\site-packages\httpcore\_async\http11.py", line 136, in handle_async_request
    raise exc
  File "C:\ArkMalay\Framework_1\tutor\.venv\Lib\site-packages\httpcore\_async\http11.py", line 106, in handle_async_request
    ) = await self._receive_response_headers(**kwargs)
        ^^^^^^^^^^^^^^^^^^^^^^^^^^^^^^^^^^^^^^^^^^^^^^
  File "C:\ArkMalay\Framework_1\tutor\.venv\Lib\site-packages\httpcore\_async\http11.py", line 177, in _receive_response_headers
    event = await self._receive_event(timeout=timeout)
            ^^^^^^^^^^^^^^^^^^^^^^^^^^^^^^^^^^^^^^^^^^
  File "C:\ArkMalay\Framework_1\tutor\.venv\Lib\site-packages\httpcore\_async\http11.py", line 217, in _receive_event
    data = await self._network_stream.read(
           ^^^^^^^^^^^^^^^^^^^^^^^^^^^^^^^^
  File "C:\ArkMalay\Framework_1\tutor\.venv\Lib\site-packages\httpcore\_backends\anyio.py", line 32, in read
    with map_exceptions(exc_map):
  File "C:\Users\malay\AppData\Local\Programs\Python\Python312\Lib\contextlib.py", line 155, in __exit__
    self.gen.throw(value)
  File "C:\ArkMalay\Framework_1\tutor\.venv\Lib\site-packages\httpcore\_exceptions.py", line 14, in map_exceptions
    raise to_exc(exc) from exc
httpcore.ReadTimeout

The above exception was the direct cause of the following exception:

Traceback (most recent call last):
  File "C:\ArkMalay\Framework_1\tutor\src\video_pipeline\routes\search_routes.py", line 81, in search
    file_resp, code_resp = await asyncio.gather(gen_task, code_task)
                           ^^^^^^^^^^^^^^^^^^^^^^^^^^^^^^^^^^^^^^^^^
  File "C:\ArkMalay\Framework_1\tutor\src\video_pipeline\utils.py", line 12, in async_post
    resp = await client.post(url, json=payload, headers={"Content-Type": "application/json"})
           ^^^^^^^^^^^^^^^^^^^^^^^^^^^^^^^^^^^^^^^^^^^^^^^^^^^^^^^^^^^^^^^^^^^^^^^^^^^^^^^^^^
  File "C:\ArkMalay\Framework_1\tutor\.venv\Lib\site-packages\httpx\_client.py", line 1859, in post
    return await self.request(
           ^^^^^^^^^^^^^^^^^^^
  File "C:\ArkMalay\Framework_1\tutor\.venv\Lib\site-packages\httpx\_client.py", line 1540, in request
    return await self.send(request, auth=auth, follow_redirects=follow_redirects)
           ^^^^^^^^^^^^^^^^^^^^^^^^^^^^^^^^^^^^^^^^^^^^^^^^^^^^^^^^^^^^^^^^^^^^^^
  File "C:\ArkMalay\Framework_1\tutor\.venv\Lib\site-packages\httpx\_client.py", line 1629, in send
    response = await self._send_handling_auth(
               ^^^^^^^^^^^^^^^^^^^^^^^^^^^^^^^
  File "C:\ArkMalay\Framework_1\tutor\.venv\Lib\site-packages\httpx\_client.py", line 1657, in _send_handling_auth
    response = await self._send_handling_redirects(
               ^^^^^^^^^^^^^^^^^^^^^^^^^^^^^^^^^^^^
  File "C:\ArkMalay\Framework_1\tutor\.venv\Lib\site-packages\httpx\_client.py", line 1694, in _send_handling_redirects
    response = await self._send_single_request(request)
               ^^^^^^^^^^^^^^^^^^^^^^^^^^^^^^^^^^^^^^^^
  File "C:\ArkMalay\Framework_1\tutor\.venv\Lib\site-packages\httpx\_client.py", line 1730, in _send_single_request
    response = await transport.handle_async_request(request)
               ^^^^^^^^^^^^^^^^^^^^^^^^^^^^^^^^^^^^^^^^^^^^^
  File "C:\ArkMalay\Framework_1\tutor\.venv\Lib\site-packages\httpx\_transports\default.py", line 393, in handle_async_request
    with map_httpcore_exceptions():
  File "C:\Users\malay\AppData\Local\Programs\Python\Python312\Lib\contextlib.py", line 155, in __exit__
    self.gen.throw(value)
  File "C:\ArkMalay\Framework_1\tutor\.venv\Lib\site-packages\httpx\_transports\default.py", line 118, in map_httpcore_exceptions
    raise mapped_exc(message) from exc
httpx.ReadTimeout
[2025-11-17 14:11:18] [ERROR] 
❌ Error running Manim on C:/ArkMalay/Framework_1/Video_data/20251117_140801_77322cc7-68fd-4a3d-8e36-32f824bc0778/script_seq2/script_seq2.py
──────────────────────────────────────────────
STDERR:
Animation 0: Write(Text('Bisecting an Angle')):   0%|          | 0/30 [00:00<?, ?it/s]
Animation 0: Write(Text('Bisecting an Angle')):  17%|#6        | 5/30 [00:00<00:00, 43.94it/s]
Animation 0: Write(Text('Bisecting an Angle')):  33%|###3      | 10/30 [00:00<00:00, 42.58it/s]
Animation 0: Write(Text('Bisecting an Angle')):  50%|#####     | 15/30 [00:00<00:00, 42.70it/s]
Animation 0: Write(Text('Bisecting an Angle')):  67%|######6   | 20/30 [00:00<00:00, 41.67it/s]
Animation 0: Write(Text('Bisecting an Angle')):  83%|########3 | 25/30 [00:00<00:00, 40.25it/s]
Animation 0: Write(Text('Bisecting an Angle')): 100%|##########| 30/30 [00:00<00:00, 38.72it/s]
                                                                                               
latex: major issue: So far, you have not checked for MiKTeX updates.
+--------------------- Traceback (most recent call last) ---------------------+
| C:\ArkMalay\Framework_1\tutor\.venv\Lib\site-packages\manim\cli\render\comm |
| ands.py:125 in render                                                       |
|                                                                             |
|   122             try:                                                      |
|   123                 with tempconfig({}):                                  |
|   124                     scene = SceneClass()                              |
| > 125                     scene.render()                                    |
|   126             except Exception:                                         |
|   127                 error_console.print_exception()                       |
|   128                 sys.exit(1)                                           |
|                                                                             |
| C:\ArkMalay\Framework_1\tutor\.venv\Lib\site-packages\manim\scene\scene.py: |
| 237 in render                                                               |
|                                                                             |
|    234         """                                                          |
|    235         self.setup()                                                 |
|    236         try:                                                         |
| >  237             self.construct()                                         |
|    238         except EndSceneEarlyException:                               |
|    239             pass                                                     |
|    240         except RerunSceneException:                                  |
|                                                                             |
| C:\ArkMalay\Framework_1\Video_data\20251117_140801_77322cc7-68fd-4a3d-8e36- |
| 32f824bc0778\script_seq2\script_seq2.py:19 in construct                     |
|                                                                             |
|   16         ray_BA = Line(ORIGIN, 4 * RIGHT, color=BLUE)                   |
|   17         ray_CA = Line(ORIGIN, 4 * UP, color=BLUE)                      |
|   18         vertex_A = Dot(ORIGIN, color=RED)                              |
| > 19         angle_label = MathTex("\angle BAC", font_size=24, color=RED)   |
|   20                                                                        |
|   21         self.play(                                                     |
|   22             Create(ray_BA),                                            |
|                                                                             |
| C:\ArkMalay\Framework_1\tutor\.venv\Lib\site-packages\manim\mobject\text\te |
| x_mobject.py:298 in __init__                                                |
|                                                                             |
|   295                         """,                                          |
|   296                     ),                                                |
|   297                 )                                                     |
| > 298             raise compilation_error                                   |
|   299         self.set_color_by_tex_to_color_map(self.tex_to_color_map)     |
|   300                                                                       |
|   301         if self.organize_left_to_right:                               |
|                                                                             |
| C:\ArkMalay\Framework_1\tutor\.venv\Lib\site-packages\manim\mobject\text\te |
| x_mobject.py:277 in __init__                                                |
|                                                                             |
|   274         self.brace_notation_split_occurred = False                    |
|   275         self.tex_strings = self._break_up_tex_strings(tex_strings)    |
|   276         try:                                                          |
| > 277             super().__init__(                                         |
|   278                 self.arg_separator.join(self.tex_strings),            |
|   279                 tex_environment=self.tex_environment,                 |
|   280                 tex_template=self.tex_template,                       |
|                                                                             |
| C:\ArkMalay\Framework_1\tutor\.venv\Lib\site-packages\manim\mobject\text\te |
| x_mobject.py:80 in __init__                                                 |
|                                                                             |
|    77                                                                       |
|    78         assert isinstance(tex_string, str)                            |
|    79         self.tex_string = tex_string                                  |
| >  80         file_name = tex_to_svg_file(                                  |
|    81             self._get_modified_expression(tex_string),                |
|    82             environment=self.tex_environment,                         |
|    83             tex_template=self.tex_template,                           |
|                                                                             |
| C:\ArkMalay\Framework_1\tutor\.venv\Lib\site-packages\manim\utils\tex_file_ |
| writing.py:65 in tex_to_svg_file                                            |
|                                                                             |
|    62     if svg_file.exists():                                             |
|    63         return svg_file                                               |
|    64                                                                       |
| >  65     dvi_file = compile_tex(                                           |
|    66         tex_file,                                                     |
|    67         tex_template.tex_compiler,                                    |
|    68         tex_template.output_format,                                   |
|                                                                             |
| C:\ArkMalay\Framework_1\tutor\.venv\Lib\site-packages\manim\utils\tex_file_ |
| writing.py:212 in compile_tex                                               |
|                                                                             |
|   209         if cp.returncode != 0:                                        |
|   210             log_file = tex_file.with_suffix(".log")                   |
|   211             print_all_tex_errors(log_file, tex_compiler, tex_file)    |
| > 212             raise ValueError(                                         |
|   213                 f"{tex_compiler} error converting to"                 |
|   214                 f" {output_format[1:]}. See log output above or"      |
|   215                 f" the log file: {log_file}",                         |
+-----------------------------------------------------------------------------+
ValueError: latex error converting to dvi. See log output above or the log 
file: 
C:\ArkMalay\Framework_1\tutor\src\media\videos\20251117_140801_77322cc7-68fd-4a
3d-8e36-32f824bc0778\script_seq2\Tex\257a13a8d461cb1b.log

STDOUT:
Manim Community v0.19.0

[11/17/25 14:11:15] INFO     Animation 0 : Partial     scene_file_writer.py:588
                             movie file written in                             
                             'C:\ArkMalay\Framework_1\                         
                             tutor\src\media\videos\20                         
                             251117_140801_77322cc7-68                         
                             fd-4a3d-8e36-32f824bc0778                         
                             \script_seq2\videos\scrip                         
                             t_seq2\480p15\partial_mov                         
                             ie_files\ScriptStep2\1185                         
                             818338_3070453284_4660086                         
                             63.mp4'                                           
[11/17/25 14:11:16] INFO     Animation 1 : Partial     scene_file_writer.py:588
                             movie file written in                             
                             'C:\ArkMalay\Framework_1\                         
                             tutor\src\media\videos\20                         
                             251117_140801_77322cc7-68                         
                             fd-4a3d-8e36-32f824bc0778                         
                             \script_seq2\videos\scrip                         
                             t_seq2\480p15\partial_mov                         
                             ie_files\ScriptStep2\6246                         
                             42324_3394500337_16204034                         
                             42.mp4'                                           
                    INFO     Writing ngle BAC to        tex_file_writing.py:111
                             C:\ArkMalay\Framework_1\tu                        
                             tor\src\media\videos\20251                        
                             117_140801_77322cc7-68fd-4                        
                             a3d-8e36-32f824bc0778\scri                        
                             pt_seq2\Tex\257a13a8d461cb                        
                             1b.tex                                            
[11/17/25 14:11:17] ERROR    LaTeX compilation error:   tex_file_writing.py:314
                             LaTeX Error: Unicode                              
                             character ^^G (U+0007)                            
                                                                               
                    ERROR    Context of error:          tex_file_writing.py:348
                             -> ngle BAC                                       
                             \end{align*}                                      
                             \end{document}
──────────────────────────────────────────────

[2025-11-17 14:11:36] [ERROR] 
❌ Error running Manim on C:/ArkMalay/Framework_1/Video_data/20251117_140801_77322cc7-68fd-4a3d-8e36-32f824bc0778/script_seq3/script_seq3.py
──────────────────────────────────────────────
STDERR:
C:\ArkMalay\Framework_1\Video_data\20251117_140801_77322cc7-68fd-4a3d-8e36-32f824bc0778\script_seq3\script_seq3.py:61: SyntaxWarning: invalid escape sequence '\c'
  sum_label = MathTex("\angle 1 + \angle 2 + \angle 3 = 360^\circ", font_size=24, color=YELLOW)

Animation 0: Write(Text('Angles Around a Point')):   0%|          | 0/30 [00:00<?, ?it/s]
Animation 0: Write(Text('Angles Around a Point')):  20%|##        | 6/30 [00:00<00:00, 56.88it/s]
Animation 0: Write(Text('Angles Around a Point')):  40%|####      | 12/30 [00:00<00:00, 51.17it/s]
Animation 0: Write(Text('Angles Around a Point')):  60%|######    | 18/30 [00:00<00:00, 51.56it/s]
Animation 0: Write(Text('Angles Around a Point')):  80%|########  | 24/30 [00:00<00:00, 44.53it/s]
Animation 0: Write(Text('Angles Around a Point')):  97%|#########6| 29/30 [00:00<00:00, 43.89it/s]
                                                                                                  
+--------------------- Traceback (most recent call last) ---------------------+
| C:\ArkMalay\Framework_1\tutor\.venv\Lib\site-packages\manim\cli\render\comm |
| ands.py:125 in render                                                       |
|                                                                             |
|   122             try:                                                      |
|   123                 with tempconfig({}):                                  |
|   124                     scene = SceneClass()                              |
| > 125                     scene.render()                                    |
|   126             except Exception:                                         |
|   127                 error_console.print_exception()                       |
|   128                 sys.exit(1)                                           |
|                                                                             |
| C:\ArkMalay\Framework_1\tutor\.venv\Lib\site-packages\manim\scene\scene.py: |
| 237 in render                                                               |
|                                                                             |
|    234         """                                                          |
|    235         self.setup()                                                 |
|    236         try:                                                         |
| >  237             self.construct()                                         |
|    238         except EndSceneEarlyException:                               |
|    239             pass                                                     |
|    240         except RerunSceneException:                                  |
|                                                                             |
| C:\ArkMalay\Framework_1\Video_data\20251117_140801_77322cc7-68fd-4a3d-8e36- |
| 32f824bc0778\script_seq3\script_seq3.py:17 in construct                     |
|                                                                             |
|   14                                                                        |
|   15         # Point and angles                                             |
|   16         point = Dot(ORIGIN, color=RED)                                 |
| > 17         angle1 = Angle(radius=2, other_angle=False, color="#008000")   |
|   18         angle2 = Angle(radius=2, other_angle=False, color="#FF0000")   |
|   19         angle3 = Angle(radius=2, other_angle=False, color="#00FF00")   |
|   20                                                                        |
+-----------------------------------------------------------------------------+
TypeError: Angle.__init__() missing 2 required positional arguments: 'line1' 
and 'line2'

STDOUT:
Manim Community v0.19.0

[11/17/25 14:11:34] INFO     Animation 0 : Partial     scene_file_writer.py:588
                             movie file written in                             
                             'C:\ArkMalay\Framework_1\                         
                             tutor\src\media\videos\20                         
                             251117_140801_77322cc7-68                         
                             fd-4a3d-8e36-32f824bc0778                         
                             \script_seq3\videos\scrip                         
                             t_seq3\480p15\partial_mov                         
                             ie_files\ScriptStep3\1185                         
                             818338_3214971308_3423148                         
                             896.mp4'                                          
                    INFO     Animation 1 : Partial     scene_file_writer.py:588
                             movie file written in                             
                             'C:\ArkMalay\Framework_1\                         
                             tutor\src\media\videos\20                         
                             251117_140801_77322cc7-68                         
                             fd-4a3d-8e36-32f824bc0778                         
                             \script_seq3\videos\scrip                         
                             t_seq3\480p15\partial_mov                         
                             ie_files\ScriptStep3\6246                         
                             42324_3394500337_33298955                         
                             29.mp4'
──────────────────────────────────────────────

[2025-11-17 14:11:49] [ERROR] 
❌ Error running Manim on C:/ArkMalay/Framework_1/Video_data/20251117_140801_77322cc7-68fd-4a3d-8e36-32f824bc0778/script_seq4/script_seq4.py
──────────────────────────────────────────────
STDERR:
+--------------------- Traceback (most recent call last) ---------------------+
| C:\ArkMalay\Framework_1\tutor\.venv\Lib\site-packages\manim\cli\render\comm |
| ands.py:125 in render                                                       |
|                                                                             |
|   122             try:                                                      |
|   123                 with tempconfig({}):                                  |
|   124                     scene = SceneClass()                              |
| > 125                     scene.render()                                    |
|   126             except Exception:                                         |
|   127                 error_console.print_exception()                       |
|   128                 sys.exit(1)                                           |
|                                                                             |
| C:\ArkMalay\Framework_1\tutor\.venv\Lib\site-packages\manim\scene\scene.py: |
| 237 in render                                                               |
|                                                                             |
|    234         """                                                          |
|    235         self.setup()                                                 |
|    236         try:                                                         |
| >  237             self.construct()                                         |
|    238         except EndSceneEarlyException:                               |
|    239             pass                                                     |
|    240         except RerunSceneException:                                  |
|                                                                             |
| C:\ArkMalay\Framework_1\Video_data\20251117_140801_77322cc7-68fd-4a3d-8e36- |
| 32f824bc0778\script_seq4\script_seq4.py:9 in construct                      |
|                                                                             |
|    6 class ScriptStep4(Scene):                                              |
|    7     def construct(self):                                               |
|    8         # Acute angle                                                  |
| >  9         acute_angle = Angle(                                           |
|   10             radius=2, other_angle=False, color="#008000", angle=np.pi/ |
|   11         )                                                              |
|   12         acute_label = MathTex(                                         |
+-----------------------------------------------------------------------------+
TypeError: Angle.__init__() missing 2 required positional arguments: 'line1' 
and 'line2'

STDOUT:
Manim Community v0.19.0
──────────────────────────────────────────────

[2025-11-17 14:12:02] [ERROR] 
❌ Error running Manim on C:/ArkMalay/Framework_1/Video_data/20251117_140801_77322cc7-68fd-4a3d-8e36-32f824bc0778/script_seq5/script_seq5.py
──────────────────────────────────────────────
STDERR:
+--------------------- Traceback (most recent call last) ---------------------+
| C:\ArkMalay\Framework_1\tutor\.venv\Lib\site-packages\manim\cli\render\comm |
| ands.py:125 in render                                                       |
|                                                                             |
|   122             try:                                                      |
|   123                 with tempconfig({}):                                  |
|   124                     scene = SceneClass()                              |
| > 125                     scene.render()                                    |
|   126             except Exception:                                         |
|   127                 error_console.print_exception()                       |
|   128                 sys.exit(1)                                           |
|                                                                             |
| C:\ArkMalay\Framework_1\tutor\.venv\Lib\site-packages\manim\scene\scene.py: |
| 237 in render                                                               |
|                                                                             |
|    234         """                                                          |
|    235         self.setup()                                                 |
|    236         try:                                                         |
| >  237             self.construct()                                         |
|    238         except EndSceneEarlyException:                               |
|    239             pass                                                     |
|    240         except RerunSceneException:                                  |
|                                                                             |
| C:\ArkMalay\Framework_1\Video_data\20251117_140801_77322cc7-68fd-4a3d-8e36- |
| 32f824bc0778\script_seq5\script_seq5.py:9 in construct                      |
|                                                                             |
|    6 class ScriptStep5(Scene):                                              |
|    7     def construct(self):                                               |
|    8         # Recap diagrams                                               |
| >  9         acute_angle = Angle(                                           |
|   10             radius=1.5, other_angle=False, color="#008000", angle=np.p |
|   11         )                                                              |
|   12         obtuse_angle = Angle(                                          |
+-----------------------------------------------------------------------------+
TypeError: Angle.__init__() missing 2 required positional arguments: 'line1' 
and 'line2'

STDOUT:
Manim Community v0.19.0
──────────────────────────────────────────────

[2025-11-17 14:12:23] [ERROR] ❌ Video and audio list length mismatch
[2025-11-17 14:12:23] [ERROR] :x: Pipeline failed for UID 77322cc7-68fd-4a3d-8e36-32f824bc0778: Video and audio lists must have the same length
[2025-11-17 14:12:24] [ERROR] Traceback (most recent call last):
  File "C:\ArkMalay\Framework_1\tutor\src\main.py", line 66, in process_pipeline
    final_video_bytes = MergerFactory.merge_all_videos_with_audio(video_bytes_list, audio_bytes_list,unique_id)
                        ^^^^^^^^^^^^^^^^^^^^^^^^^^^^^^^^^^^^^^^^^^^^^^^^^^^^^^^^^^^^^^^^^^^^^^^^^^^^^^^^^^^^^^^
  File "C:\ArkMalay\Framework_1\tutor\src\merger_factory.py", line 211, in merge_all_videos_with_audio
    return MergerFactory.merge_video_with_audio(video_bytes_list, audio_bytes_list, unique_id)
           ^^^^^^^^^^^^^^^^^^^^^^^^^^^^^^^^^^^^^^^^^^^^^^^^^^^^^^^^^^^^^^^^^^^^^^^^^^^^^^^^^^^
  File "C:\ArkMalay\Framework_1\tutor\src\merger_factory.py", line 134, in merge_video_with_audio
    raise ValueError("Video and audio lists must have the same length")
ValueError: Video and audio lists must have the same length

[2025-11-17 14:12:24] [ERROR] ❌ Video generation error
Traceback (most recent call last):
  File "C:\ArkMalay\Framework_1\tutor\src\video_pipeline\routes\video_routes.py", line 36, in generate_videos_endpoint
    output_path = await process_pipeline(
                  ^^^^^^^^^^^^^^^^^^^^^^^
  File "C:\ArkMalay\Framework_1\tutor\src\main.py", line 66, in process_pipeline
    final_video_bytes = MergerFactory.merge_all_videos_with_audio(video_bytes_list, audio_bytes_list,unique_id)
                        ^^^^^^^^^^^^^^^^^^^^^^^^^^^^^^^^^^^^^^^^^^^^^^^^^^^^^^^^^^^^^^^^^^^^^^^^^^^^^^^^^^^^^^^
  File "C:\ArkMalay\Framework_1\tutor\src\merger_factory.py", line 211, in merge_all_videos_with_audio
    return MergerFactory.merge_video_with_audio(video_bytes_list, audio_bytes_list, unique_id)
           ^^^^^^^^^^^^^^^^^^^^^^^^^^^^^^^^^^^^^^^^^^^^^^^^^^^^^^^^^^^^^^^^^^^^^^^^^^^^^^^^^^^
  File "C:\ArkMalay\Framework_1\tutor\src\merger_factory.py", line 134, in merge_video_with_audio
    raise ValueError("Video and audio lists must have the same length")
ValueError: Video and audio lists must have the same length
[2025-11-17 14:12:24] [ERROR] ❌ HTTP 500: {"detail":"Video and audio lists must have the same length"}
[2025-11-17 14:12:24] [ERROR] ❌ Video generation failed for 77322cc7-68fd-4a3d-8e36-32f824bc0778: 500: {"detail":"Video and audio lists must have the same length"}
[2025-11-17 14:12:24] [ERROR] ❌ Unhandled error in write_scripts endpoint
Traceback (most recent call last):
  File "C:\ArkMalay\Framework_1\tutor\src\video_pipeline\routes\write_routes.py", line 101, in write_scripts
    video_result = await async_post(
                   ^^^^^^^^^^^^^^^^^
  File "C:\ArkMalay\Framework_1\tutor\src\video_pipeline\utils.py", line 15, in async_post
    raise HTTPException(status_code=resp.status_code, detail=resp.text)
fastapi.exceptions.HTTPException: 500: {"detail":"Video and audio lists must have the same length"}

During handling of the above exception, another exception occurred:

Traceback (most recent call last):
  File "C:\ArkMalay\Framework_1\tutor\src\video_pipeline\routes\write_routes.py", line 120, in write_scripts
    raise HTTPException(status_code=500, detail=err_msg)
fastapi.exceptions.HTTPException: 500: ❌ Video generation failed for 77322cc7-68fd-4a3d-8e36-32f824bc0778: 500: {"detail":"Video and audio lists must have the same length"}
[2025-11-17 14:12:24] [ERROR] ❌ HTTP 500: {"detail":"500: ❌ Video generation failed for 77322cc7-68fd-4a3d-8e36-32f824bc0778: 500: {\"detail\":\"Video and audio lists must have the same length\"}"}
[2025-11-17 14:12:24] [ERROR] ❌ Error generating code
Traceback (most recent call last):
  File "C:\ArkMalay\Framework_1\tutor\src\video_pipeline\routes\generator_routes.py", line 29, in generate_code_endpoint
    write_result = await async_post(write_url, payload)
                   ^^^^^^^^^^^^^^^^^^^^^^^^^^^^^^^^^^^^
  File "C:\ArkMalay\Framework_1\tutor\src\video_pipeline\utils.py", line 15, in async_post
    raise HTTPException(status_code=resp.status_code, detail=resp.text)
fastapi.exceptions.HTTPException: 500: {"detail":"500: ❌ Video generation failed for 77322cc7-68fd-4a3d-8e36-32f824bc0778: 500: {\"detail\":\"Video and audio lists must have the same length\"}"}
